#
# There is insufficient memory for the Java Runtime Environment to continue.
# Native memory allocation (malloc) failed to allocate 940656 bytes for Chunk::new
# Possible reasons:
#   The system is out of physical RAM or swap space
#   The process is running with CompressedOops enabled, and the Java Heap may be blocking the growth of the native heap
# Possible solutions:
#   Reduce memory load on the system
#   Increase physical memory or swap space
#   Check if swap backing store is full
#   Decrease Java heap size (-Xmx/-Xms)
#   Decrease number of Java threads
#   Decrease Java thread stack sizes (-Xss)
#   Set larger code cache with -XX:ReservedCodeCacheSize=
#   JVM is running with Unscaled Compressed Oops mode in which the Java heap is
#     placed in the first 4GB address space. The Java Heap base address is the
#     maximum limit for the native heap growth. Please use -XX:HeapBaseMinAddress
#     to set the Java Heap base and to place the Java Heap above 4GB virtual address.
# This output file may be truncated or incomplete.
#
#  Out of Memory Error (t:/workspace/open/src/hotspot/share/memory/arena.cpp:196), pid=14248, tid=14672
#
# JRE version: Java(TM) SE Runtime Environment (13.0.2+8) (build 13.0.2+8)
# Java VM: Java HotSpot(TM) 64-Bit Server VM (13.0.2+8, mixed mode, sharing, tiered, compressed oops, g1 gc, windows-amd64)
# No core dump will be written. Minidumps are not enabled by default on client versions of Windows
#

---------------  S U M M A R Y ------------

Command Line: --add-opens=java.base/java.util=ALL-UNNAMED --add-opens=java.base/java.lang=ALL-UNNAMED --add-opens=java.base/java.lang.invoke=ALL-UNNAMED --add-opens=java.prefs/java.util.prefs=ALL-UNNAMED -XX:MaxMetaspaceSize=256m -XX:+HeapDumpOnOutOfMemoryError -Xms256m -Xmx512m -Dfile.encoding=windows-1252 -Duser.country=US -Duser.language=en -Duser.variant org.gradle.launcher.daemon.bootstrap.GradleDaemon 6.2

Host: Intel(R) Core(TM) i7-7500U CPU @ 2.70GHz, 4 cores, 7G,  Windows 10 , 64 bit Build 17134 (10.0.17134.1425)
Time: Mon Jul 27 14:06:58 2020 Sri Lanka Standard Time elapsed time: 43 seconds (0d 0h 0m 43s)

---------------  T H R E A D  ---------------

Current thread (0x0000027caf6a4000):  JavaThread "C2 CompilerThread0" daemon [_thread_in_native, id=14672, stack(0x000000c64c000000,0x000000c64c100000)]


Current CompileTask:
C2:  43110 4753       4       org.objectweb.asm.MethodWriter::visitMethodInsn (191 bytes)

Stack: [0x000000c64c000000,0x000000c64c100000]
Native frames: (J=compiled Java code, j=interpreted, Vv=VM code, C=native code)
V  [jvm.dll+0x624f9a]
V  [jvm.dll+0x770cfa]
V  [jvm.dll+0x7724af]
V  [jvm.dll+0x772ab3]
V  [jvm.dll+0x24bf08]
V  [jvm.dll+0xc1e47]
V  [jvm.dll+0xc23cc]
V  [jvm.dll+0x35c068]
V  [jvm.dll+0x327803]
V  [jvm.dll+0x326bda]
V  [jvm.dll+0x205c27]
V  [jvm.dll+0x204e3f]
V  [jvm.dll+0x189c2c]
V  [jvm.dll+0x213e6d]
V  [jvm.dll+0x2120bb]
V  [jvm.dll+0x736bb6]
V  [jvm.dll+0x72fcaa]
V  [jvm.dll+0x623ea6]
C  [ucrtbase.dll+0x1e3fe]
C  [KERNEL32.DLL+0x14034]
C  [ntdll.dll+0x73691]


---------------  P R O C E S S  ---------------

Threads class SMR info:
_java_thread_list=0x0000027cb4a7d040, length=34, elements={
0x0000027c9489f800, 0x0000027caf67d800, 0x0000027caf682800, 0x0000027caf6a1000,
0x0000027caf6a3000, 0x0000027caf6a4000, 0x0000027caf6a5000, 0x0000027cb0019800,
0x0000027cb00d9000, 0x0000027cb00e7000, 0x0000027cb144b000, 0x0000027cb0c1f800,
0x0000027cb12e2000, 0x0000027cb01c9000, 0x0000027cb02c2000, 0x0000027caffdd800,
0x0000027caffde000, 0x0000027caffdf000, 0x0000027cb181f800, 0x0000027cb1820800,
0x0000027cb16fc000, 0x0000027cb16f6800, 0x0000027cb16fa800, 0x0000027cb16fb800,
0x0000027cb16f8000, 0x0000027cb16f9000, 0x0000027cb16fd000, 0x0000027cb16f9800,
0x0000027cb2781000, 0x0000027cb2787800, 0x0000027cb2782000, 0x0000027cb2786800,
0x0000027cb2784000, 0x0000027cb2788800
}

Java Threads: ( => current thread )
  0x0000027c9489f800 JavaThread "main" [_thread_blocked, id=12708, stack(0x000000c64b500000,0x000000c64b600000)]
  0x0000027caf67d800 JavaThread "Reference Handler" daemon [_thread_blocked, id=15424, stack(0x000000c64bc00000,0x000000c64bd00000)]
  0x0000027caf682800 JavaThread "Finalizer" daemon [_thread_blocked, id=15752, stack(0x000000c64bd00000,0x000000c64be00000)]
  0x0000027caf6a1000 JavaThread "Signal Dispatcher" daemon [_thread_blocked, id=5608, stack(0x000000c64be00000,0x000000c64bf00000)]
  0x0000027caf6a3000 JavaThread "Attach Listener" daemon [_thread_blocked, id=13472, stack(0x000000c64bf00000,0x000000c64c000000)]
=>0x0000027caf6a4000 JavaThread "C2 CompilerThread0" daemon [_thread_in_native, id=14672, stack(0x000000c64c000000,0x000000c64c100000)]
  0x0000027caf6a5000 JavaThread "C1 CompilerThread0" daemon [_thread_blocked, id=13892, stack(0x000000c64c100000,0x000000c64c200000)]
  0x0000027cb0019800 JavaThread "Sweeper thread" daemon [_thread_blocked, id=16160, stack(0x000000c64c200000,0x000000c64c300000)]
  0x0000027cb00d9000 JavaThread "Common-Cleaner" daemon [_thread_blocked, id=8672, stack(0x000000c64c300000,0x000000c64c400000)]
  0x0000027cb00e7000 JavaThread "Service Thread" daemon [_thread_blocked, id=14132, stack(0x000000c64c400000,0x000000c64c500000)]
  0x0000027cb144b000 JavaThread "Daemon health stats" [_thread_blocked, id=14716, stack(0x000000c64c600000,0x000000c64c700000)]
  0x0000027cb0c1f800 JavaThread "Incoming local TCP Connector on port 12877" [_thread_in_native, id=15784, stack(0x000000c64ca00000,0x000000c64cb00000)]
  0x0000027cb12e2000 JavaThread "Daemon periodic checks" [_thread_blocked, id=6936, stack(0x000000c64cb00000,0x000000c64cc00000)]
  0x0000027cb01c9000 JavaThread "Daemon" [_thread_blocked, id=7388, stack(0x000000c64cc00000,0x000000c64cd00000)]
  0x0000027cb02c2000 JavaThread "Handler for socket connection from /127.0.0.1:12877 to /127.0.0.1:12878" [_thread_in_native, id=11756, stack(0x000000c64cd00000,0x000000c64ce00000)]
  0x0000027caffdd800 JavaThread "Cancel handler" [_thread_blocked, id=8968, stack(0x000000c64ce00000,0x000000c64cf00000)]
  0x0000027caffde000 JavaThread "Daemon worker" [_thread_in_native, id=11224, stack(0x000000c64cf00000,0x000000c64d000000)]
  0x0000027caffdf000 JavaThread "Asynchronous log dispatcher for DefaultDaemonConnection: socket connection from /127.0.0.1:12877 to /127.0.0.1:12878" [_thread_blocked, id=12432, stack(0x000000c64d000000,0x000000c64d100000)]
  0x0000027cb181f800 JavaThread "Stdin handler" [_thread_blocked, id=15984, stack(0x000000c64d100000,0x000000c64d200000)]
  0x0000027cb1820800 JavaThread "Thread-8" [_thread_blocked, id=7924, stack(0x000000c64d200000,0x000000c64d300000)]
  0x0000027cb16fc000 JavaThread "Cache worker for journal cache (C:\Users\HP\.gradle\caches\journal-1)" [_thread_blocked, id=15444, stack(0x000000c64d300000,0x000000c64d400000)]
  0x0000027cb16f6800 JavaThread "File lock request listener" [_thread_in_native, id=13380, stack(0x000000c64d400000,0x000000c64d500000)]
  0x0000027cb16fa800 JavaThread "Cache worker for file hash cache (C:\Users\HP\.gradle\caches\6.2\fileHashes)" [_thread_blocked, id=5400, stack(0x000000c64d500000,0x000000c64d600000)]
  0x0000027cb16fb800 JavaThread "Cache worker for checksums cache (E:\Codings\Projects\Bill-Calculator\app\android\.gradle\checksums)" [_thread_blocked, id=16028, stack(0x000000c64d600000,0x000000c64d700000)]
  0x0000027cb16f8000 JavaThread "Cache worker for file hash cache (E:\Codings\Projects\Bill-Calculator\app\android\.gradle\6.2\fileHashes)" [_thread_blocked, id=15796, stack(0x000000c64d700000,0x000000c64d800000)]
  0x0000027cb16f9000 JavaThread "Cache worker for cache directory md-supplier (C:\Users\HP\.gradle\caches\6.2\md-supplier)" [_thread_blocked, id=14700, stack(0x000000c64d900000,0x000000c64da00000)]
  0x0000027cb16fd000 JavaThread "Cache worker for cache directory md-rule (C:\Users\HP\.gradle\caches\6.2\md-rule)" [_thread_blocked, id=13612, stack(0x000000c64da00000,0x000000c64db00000)]
  0x0000027cb16f9800 JavaThread "Cache worker for execution history cache (C:\Users\HP\.gradle\caches\6.2\executionHistory)" [_thread_blocked, id=11376, stack(0x000000c64db00000,0x000000c64dc00000)]
  0x0000027cb2781000 JavaThread "Build operations" [_thread_blocked, id=12044, stack(0x000000c64d800000,0x000000c64d900000)]
  0x0000027cb2787800 JavaThread "Build operations Thread 2" [_thread_blocked, id=13120, stack(0x000000c64dc00000,0x000000c64dd00000)]
  0x0000027cb2782000 JavaThread "Build operations Thread 3" [_thread_blocked, id=16336, stack(0x000000c64dd00000,0x000000c64de00000)]
  0x0000027cb2786800 JavaThread "Build operations Thread 4" [_thread_blocked, id=14652, stack(0x000000c64de00000,0x000000c64df00000)]
  0x0000027cb2784000 JavaThread "Cache worker for Build Output Cleanup Cache (E:\Codings\Projects\Bill-Calculator\app\android\.gradle\buildOutputCleanup)" [_thread_blocked, id=12368, stack(0x000000c64e000000,0x000000c64e100000)]
  0x0000027cb2788800 JavaThread "C2 CompilerThread1" daemon [_thread_blocked, id=15844, stack(0x000000c64e100000,0x000000c64e200000)]

Other Threads:
  0x0000027caf67b000 VMThread "VM Thread" [stack: 0x000000c64bb00000,0x000000c64bc00000] [id=12328]
  0x0000027cb00ef800 WatcherThread [stack: 0x000000c64c500000,0x000000c64c600000] [id=14500]
  0x0000027c948c9000 GCTaskThread "GC Thread#0" [stack: 0x000000c64b600000,0x000000c64b700000] [id=15780]
  0x0000027cb0974800 GCTaskThread "GC Thread#1" [stack: 0x000000c64c700000,0x000000c64c800000] [id=14416]
  0x0000027cb092e800 GCTaskThread "GC Thread#2" [stack: 0x000000c64c800000,0x000000c64c900000] [id=9400]
  0x0000027cb0962800 GCTaskThread "GC Thread#3" [stack: 0x000000c64c900000,0x000000c64ca00000] [id=2956]
  0x0000027c948ce800 ConcurrentGCThread "G1 Main Marker" [stack: 0x000000c64b700000,0x000000c64b800000] [id=15852]
  0x0000027c948cf800 ConcurrentGCThread "G1 Conc#0" [stack: 0x000000c64b800000,0x000000c64b900000] [id=13304]
  0x0000027caf52a800 ConcurrentGCThread "G1 Refine#0" [stack: 0x000000c64b900000,0x000000c64ba00000] [id=13900]
  0x0000027caf52b000 ConcurrentGCThread "G1 Young RemSet Sampling" [stack: 0x000000c64ba00000,0x000000c64bb00000] [id=11004]

Threads with active compile tasks:
C2 CompilerThread0    44594 4753       4       org.objectweb.asm.MethodWriter::visitMethodInsn (191 bytes)

VM state:not at safepoint (normal execution)

VM Mutex/Monitor currently owned by a thread: None

Heap address: 0x00000000e0000000, size: 512 MB, Compressed Oops mode: 32-bit
Narrow klass base: 0x0000000800000000, Narrow klass shift: 3
Compressed class space size: 260046848 Address: 0x0000000800b40000

Heap:
 garbage-first heap   total 262144K, used 104625K [0x00000000e0000000, 0x0000000100000000)
  region size 1024K, 85 young (87040K), 15 survivors (15360K)
 Metaspace       used 44913K, capacity 46177K, committed 46464K, reserved 294912K
  class space    used 5990K, capacity 6435K, committed 6528K, reserved 253952K
Heap Regions: E=young(eden), S=young(survivor), O=old, HS=humongous(starts), HC=humongous(continues), CS=collection set, F=free, A=archive, TAMS=top-at-mark-start (previous, next)
|   0|0x00000000e0000000, 0x00000000e0100000, 0x00000000e0100000|100%| O|  |TAMS 0x00000000e0100000, 0x00000000e0000000| Untracked 
|   1|0x00000000e0100000, 0x00000000e0200000, 0x00000000e0200000|100%| O|  |TAMS 0x00000000e0200000, 0x00000000e0100000| Untracked 
|   2|0x00000000e0200000, 0x00000000e0300000, 0x00000000e0300000|100%| O|  |TAMS 0x00000000e0300000, 0x00000000e0200000| Untracked 
|   3|0x00000000e0300000, 0x00000000e0400000, 0x00000000e0400000|100%|HS|  |TAMS 0x00000000e0400000, 0x00000000e0300000| Complete 
|   4|0x00000000e0400000, 0x00000000e0500000, 0x00000000e0500000|100%|HC|  |TAMS 0x00000000e0500000, 0x00000000e0400000| Complete 
|   5|0x00000000e0500000, 0x00000000e0600000, 0x00000000e0600000|100%|HC|  |TAMS 0x00000000e0600000, 0x00000000e0500000| Complete 
|   6|0x00000000e0600000, 0x00000000e0700000, 0x00000000e0700000|100%| O|  |TAMS 0x00000000e0700000, 0x00000000e0600000| Untracked 
|   7|0x00000000e0700000, 0x00000000e0800000, 0x00000000e0800000|100%| O|  |TAMS 0x00000000e0800000, 0x00000000e0700000| Untracked 
|   8|0x00000000e0800000, 0x00000000e0900000, 0x00000000e0900000|100%| O|  |TAMS 0x00000000e0900000, 0x00000000e0800000| Untracked 
|   9|0x00000000e0900000, 0x00000000e0a00000, 0x00000000e0a00000|100%| O|  |TAMS 0x00000000e0a00000, 0x00000000e0900000| Untracked 
|  10|0x00000000e0a00000, 0x00000000e0b00000, 0x00000000e0b00000|100%| O|  |TAMS 0x00000000e0b00000, 0x00000000e0a00000| Untracked 
|  11|0x00000000e0b00000, 0x00000000e0c00000, 0x00000000e0c00000|100%| O|  |TAMS 0x00000000e0c00000, 0x00000000e0b00000| Untracked 
|  12|0x00000000e0c00000, 0x00000000e0d00000, 0x00000000e0d00000|100%| O|  |TAMS 0x00000000e0d00000, 0x00000000e0c00000| Untracked 
|  13|0x00000000e0d00000, 0x00000000e0e00000, 0x00000000e0e00000|100%|HS|  |TAMS 0x00000000e0e00000, 0x00000000e0d00000| Complete 
|  14|0x00000000e0e00000, 0x00000000e0f00000, 0x00000000e0f00000|100%|HC|  |TAMS 0x00000000e0f00000, 0x00000000e0e00000| Complete 
|  15|0x00000000e0f00000, 0x00000000e1000000, 0x00000000e1000000|100%| O|  |TAMS 0x00000000e0f00000, 0x00000000e0f00000| Untracked 
|  16|0x00000000e1000000, 0x00000000e1100000, 0x00000000e1100000|100%| O|  |TAMS 0x00000000e1100000, 0x00000000e1000000| Untracked 
|  17|0x00000000e1100000, 0x00000000e1200000, 0x00000000e1200000|100%| O|  |TAMS 0x00000000e1200000, 0x00000000e1100000| Untracked 
|  18|0x00000000e1200000, 0x00000000e1300000, 0x00000000e1300000|100%| O|  |TAMS 0x00000000e122b200, 0x00000000e1200000| Untracked 
|  19|0x00000000e1300000, 0x00000000e1371c00, 0x00000000e1400000| 44%| O|  |TAMS 0x00000000e1300000, 0x00000000e1300000| Untracked 
|  20|0x00000000e1400000, 0x00000000e1400000, 0x00000000e1500000|  0%| F|  |TAMS 0x00000000e1400000, 0x00000000e1400000| Untracked 
|  21|0x00000000e1500000, 0x00000000e1500000, 0x00000000e1600000|  0%| F|  |TAMS 0x00000000e1500000, 0x00000000e1500000| Untracked 
|  22|0x00000000e1600000, 0x00000000e1600000, 0x00000000e1700000|  0%| F|  |TAMS 0x00000000e1600000, 0x00000000e1600000| Untracked 
|  23|0x00000000e1700000, 0x00000000e1700000, 0x00000000e1800000|  0%| F|  |TAMS 0x00000000e1700000, 0x00000000e1700000| Untracked 
|  24|0x00000000e1800000, 0x00000000e1800000, 0x00000000e1900000|  0%| F|  |TAMS 0x00000000e1800000, 0x00000000e1800000| Untracked 
|  25|0x00000000e1900000, 0x00000000e1900000, 0x00000000e1a00000|  0%| F|  |TAMS 0x00000000e1900000, 0x00000000e1900000| Untracked 
|  26|0x00000000e1a00000, 0x00000000e1a00000, 0x00000000e1b00000|  0%| F|  |TAMS 0x00000000e1a00000, 0x00000000e1a00000| Untracked 
|  27|0x00000000e1b00000, 0x00000000e1b00000, 0x00000000e1c00000|  0%| F|  |TAMS 0x00000000e1b00000, 0x00000000e1b00000| Untracked 
|  28|0x00000000e1c00000, 0x00000000e1c00000, 0x00000000e1d00000|  0%| F|  |TAMS 0x00000000e1c00000, 0x00000000e1c00000| Untracked 
|  29|0x00000000e1d00000, 0x00000000e1d00000, 0x00000000e1e00000|  0%| F|  |TAMS 0x00000000e1d00000, 0x00000000e1d00000| Untracked 
|  30|0x00000000e1e00000, 0x00000000e1e00000, 0x00000000e1f00000|  0%| F|  |TAMS 0x00000000e1e00000, 0x00000000e1e00000| Untracked 
|  31|0x00000000e1f00000, 0x00000000e1f00000, 0x00000000e2000000|  0%| F|  |TAMS 0x00000000e1f00000, 0x00000000e1f00000| Untracked 
|  32|0x00000000e2000000, 0x00000000e2000000, 0x00000000e2100000|  0%| F|  |TAMS 0x00000000e2000000, 0x00000000e2000000| Untracked 
|  33|0x00000000e2100000, 0x00000000e2100000, 0x00000000e2200000|  0%| F|  |TAMS 0x00000000e2100000, 0x00000000e2100000| Untracked 
|  34|0x00000000e2200000, 0x00000000e2200000, 0x00000000e2300000|  0%| F|  |TAMS 0x00000000e2200000, 0x00000000e2200000| Untracked 
|  35|0x00000000e2300000, 0x00000000e2300000, 0x00000000e2400000|  0%| F|  |TAMS 0x00000000e2300000, 0x00000000e2300000| Untracked 
|  36|0x00000000e2400000, 0x00000000e2400000, 0x00000000e2500000|  0%| F|  |TAMS 0x00000000e2400000, 0x00000000e2400000| Untracked 
|  37|0x00000000e2500000, 0x00000000e2500000, 0x00000000e2600000|  0%| F|  |TAMS 0x00000000e2500000, 0x00000000e2500000| Untracked 
|  38|0x00000000e2600000, 0x00000000e2600000, 0x00000000e2700000|  0%| F|  |TAMS 0x00000000e2600000, 0x00000000e2600000| Untracked 
|  39|0x00000000e2700000, 0x00000000e2700000, 0x00000000e2800000|  0%| F|  |TAMS 0x00000000e2700000, 0x00000000e2700000| Untracked 
|  40|0x00000000e2800000, 0x00000000e2800000, 0x00000000e2900000|  0%| F|  |TAMS 0x00000000e2800000, 0x00000000e2800000| Untracked 
|  41|0x00000000e2900000, 0x00000000e2900000, 0x00000000e2a00000|  0%| F|  |TAMS 0x00000000e2900000, 0x00000000e2900000| Untracked 
|  42|0x00000000e2a00000, 0x00000000e2a00000, 0x00000000e2b00000|  0%| F|  |TAMS 0x00000000e2a00000, 0x00000000e2a00000| Untracked 
|  43|0x00000000e2b00000, 0x00000000e2b00000, 0x00000000e2c00000|  0%| F|  |TAMS 0x00000000e2b00000, 0x00000000e2b00000| Untracked 
|  44|0x00000000e2c00000, 0x00000000e2c00000, 0x00000000e2d00000|  0%| F|  |TAMS 0x00000000e2c00000, 0x00000000e2c00000| Untracked 
|  45|0x00000000e2d00000, 0x00000000e2d00000, 0x00000000e2e00000|  0%| F|  |TAMS 0x00000000e2d00000, 0x00000000e2d00000| Untracked 
|  46|0x00000000e2e00000, 0x00000000e2e00000, 0x00000000e2f00000|  0%| F|  |TAMS 0x00000000e2e00000, 0x00000000e2e00000| Untracked 
|  47|0x00000000e2f00000, 0x00000000e2f00000, 0x00000000e3000000|  0%| F|  |TAMS 0x00000000e2f00000, 0x00000000e2f00000| Untracked 
|  48|0x00000000e3000000, 0x00000000e3000000, 0x00000000e3100000|  0%| F|  |TAMS 0x00000000e3000000, 0x00000000e3000000| Untracked 
|  49|0x00000000e3100000, 0x00000000e3100000, 0x00000000e3200000|  0%| F|  |TAMS 0x00000000e3100000, 0x00000000e3100000| Untracked 
|  50|0x00000000e3200000, 0x00000000e3200000, 0x00000000e3300000|  0%| F|  |TAMS 0x00000000e3200000, 0x00000000e3200000| Untracked 
|  51|0x00000000e3300000, 0x00000000e3300000, 0x00000000e3400000|  0%| F|  |TAMS 0x00000000e3300000, 0x00000000e3300000| Untracked 
|  52|0x00000000e3400000, 0x00000000e3400000, 0x00000000e3500000|  0%| F|  |TAMS 0x00000000e3400000, 0x00000000e3400000| Untracked 
|  53|0x00000000e3500000, 0x00000000e3500000, 0x00000000e3600000|  0%| F|  |TAMS 0x00000000e3500000, 0x00000000e3500000| Untracked 
|  54|0x00000000e3600000, 0x00000000e3600000, 0x00000000e3700000|  0%| F|  |TAMS 0x00000000e3600000, 0x00000000e3600000| Untracked 
|  55|0x00000000e3700000, 0x00000000e3700000, 0x00000000e3800000|  0%| F|  |TAMS 0x00000000e3700000, 0x00000000e3700000| Untracked 
|  56|0x00000000e3800000, 0x00000000e3800000, 0x00000000e3900000|  0%| F|  |TAMS 0x00000000e3800000, 0x00000000e3800000| Untracked 
|  57|0x00000000e3900000, 0x00000000e3900000, 0x00000000e3a00000|  0%| F|  |TAMS 0x00000000e3900000, 0x00000000e3900000| Untracked 
|  58|0x00000000e3a00000, 0x00000000e3a00000, 0x00000000e3b00000|  0%| F|  |TAMS 0x00000000e3a00000, 0x00000000e3a00000| Untracked 
|  59|0x00000000e3b00000, 0x00000000e3b00000, 0x00000000e3c00000|  0%| F|  |TAMS 0x00000000e3b00000, 0x00000000e3b00000| Untracked 
|  60|0x00000000e3c00000, 0x00000000e3c00000, 0x00000000e3d00000|  0%| F|  |TAMS 0x00000000e3c00000, 0x00000000e3c00000| Untracked 
|  61|0x00000000e3d00000, 0x00000000e3d00000, 0x00000000e3e00000|  0%| F|  |TAMS 0x00000000e3d00000, 0x00000000e3d00000| Untracked 
|  62|0x00000000e3e00000, 0x00000000e3e00000, 0x00000000e3f00000|  0%| F|  |TAMS 0x00000000e3e00000, 0x00000000e3e00000| Untracked 
|  63|0x00000000e3f00000, 0x00000000e3f00000, 0x00000000e4000000|  0%| F|  |TAMS 0x00000000e3f00000, 0x00000000e3f00000| Untracked 
|  64|0x00000000e4000000, 0x00000000e4000000, 0x00000000e4100000|  0%| F|  |TAMS 0x00000000e4000000, 0x00000000e4000000| Untracked 
|  65|0x00000000e4100000, 0x00000000e4100000, 0x00000000e4200000|  0%| F|  |TAMS 0x00000000e4100000, 0x00000000e4100000| Untracked 
|  66|0x00000000e4200000, 0x00000000e4200000, 0x00000000e4300000|  0%| F|  |TAMS 0x00000000e4200000, 0x00000000e4200000| Untracked 
|  67|0x00000000e4300000, 0x00000000e4300000, 0x00000000e4400000|  0%| F|  |TAMS 0x00000000e4300000, 0x00000000e4300000| Untracked 
|  68|0x00000000e4400000, 0x00000000e4400000, 0x00000000e4500000|  0%| F|  |TAMS 0x00000000e4400000, 0x00000000e4400000| Untracked 
|  69|0x00000000e4500000, 0x00000000e4500000, 0x00000000e4600000|  0%| F|  |TAMS 0x00000000e4500000, 0x00000000e4500000| Untracked 
|  70|0x00000000e4600000, 0x00000000e4600000, 0x00000000e4700000|  0%| F|  |TAMS 0x00000000e4600000, 0x00000000e4600000| Untracked 
|  71|0x00000000e4700000, 0x00000000e4700000, 0x00000000e4800000|  0%| F|  |TAMS 0x00000000e4700000, 0x00000000e4700000| Untracked 
|  72|0x00000000e4800000, 0x00000000e4800000, 0x00000000e4900000|  0%| F|  |TAMS 0x00000000e4800000, 0x00000000e4800000| Untracked 
|  73|0x00000000e4900000, 0x00000000e4900000, 0x00000000e4a00000|  0%| F|  |TAMS 0x00000000e4900000, 0x00000000e4900000| Untracked 
|  74|0x00000000e4a00000, 0x00000000e4a00000, 0x00000000e4b00000|  0%| F|  |TAMS 0x00000000e4a00000, 0x00000000e4a00000| Untracked 
|  75|0x00000000e4b00000, 0x00000000e4b00000, 0x00000000e4c00000|  0%| F|  |TAMS 0x00000000e4b00000, 0x00000000e4b00000| Untracked 
|  76|0x00000000e4c00000, 0x00000000e4c00000, 0x00000000e4d00000|  0%| F|  |TAMS 0x00000000e4c00000, 0x00000000e4c00000| Untracked 
|  77|0x00000000e4d00000, 0x00000000e4d00000, 0x00000000e4e00000|  0%| F|  |TAMS 0x00000000e4d00000, 0x00000000e4d00000| Untracked 
|  78|0x00000000e4e00000, 0x00000000e4e00000, 0x00000000e4f00000|  0%| F|  |TAMS 0x00000000e4e00000, 0x00000000e4e00000| Untracked 
|  79|0x00000000e4f00000, 0x00000000e4f00000, 0x00000000e5000000|  0%| F|  |TAMS 0x00000000e4f00000, 0x00000000e4f00000| Untracked 
|  80|0x00000000e5000000, 0x00000000e5000000, 0x00000000e5100000|  0%| F|  |TAMS 0x00000000e5000000, 0x00000000e5000000| Untracked 
|  81|0x00000000e5100000, 0x00000000e5100000, 0x00000000e5200000|  0%| F|  |TAMS 0x00000000e5100000, 0x00000000e5100000| Untracked 
|  82|0x00000000e5200000, 0x00000000e5200000, 0x00000000e5300000|  0%| F|  |TAMS 0x00000000e5200000, 0x00000000e5200000| Untracked 
|  83|0x00000000e5300000, 0x00000000e5300000, 0x00000000e5400000|  0%| F|  |TAMS 0x00000000e5300000, 0x00000000e5300000| Untracked 
|  84|0x00000000e5400000, 0x00000000e5400000, 0x00000000e5500000|  0%| F|  |TAMS 0x00000000e5400000, 0x00000000e5400000| Untracked 
|  85|0x00000000e5500000, 0x00000000e5500000, 0x00000000e5600000|  0%| F|  |TAMS 0x00000000e5500000, 0x00000000e5500000| Untracked 
|  86|0x00000000e5600000, 0x00000000e5600000, 0x00000000e5700000|  0%| F|  |TAMS 0x00000000e5600000, 0x00000000e5600000| Untracked 
|  87|0x00000000e5700000, 0x00000000e5700000, 0x00000000e5800000|  0%| F|  |TAMS 0x00000000e5700000, 0x00000000e5700000| Untracked 
|  88|0x00000000e5800000, 0x00000000e5800000, 0x00000000e5900000|  0%| F|  |TAMS 0x00000000e5800000, 0x00000000e5800000| Untracked 
|  89|0x00000000e5900000, 0x00000000e5900000, 0x00000000e5a00000|  0%| F|  |TAMS 0x00000000e5900000, 0x00000000e5900000| Untracked 
|  90|0x00000000e5a00000, 0x00000000e5a00000, 0x00000000e5b00000|  0%| F|  |TAMS 0x00000000e5a00000, 0x00000000e5a00000| Untracked 
|  91|0x00000000e5b00000, 0x00000000e5b00000, 0x00000000e5c00000|  0%| F|  |TAMS 0x00000000e5b00000, 0x00000000e5b00000| Untracked 
|  92|0x00000000e5c00000, 0x00000000e5c00000, 0x00000000e5d00000|  0%| F|  |TAMS 0x00000000e5c00000, 0x00000000e5c00000| Untracked 
|  93|0x00000000e5d00000, 0x00000000e5d00000, 0x00000000e5e00000|  0%| F|  |TAMS 0x00000000e5d00000, 0x00000000e5d00000| Untracked 
|  94|0x00000000e5e00000, 0x00000000e5e00000, 0x00000000e5f00000|  0%| F|  |TAMS 0x00000000e5e00000, 0x00000000e5e00000| Untracked 
|  95|0x00000000e5f00000, 0x00000000e5f00000, 0x00000000e6000000|  0%| F|  |TAMS 0x00000000e5f00000, 0x00000000e5f00000| Untracked 
|  96|0x00000000e6000000, 0x00000000e6000000, 0x00000000e6100000|  0%| F|  |TAMS 0x00000000e6000000, 0x00000000e6000000| Untracked 
|  97|0x00000000e6100000, 0x00000000e6100000, 0x00000000e6200000|  0%| F|  |TAMS 0x00000000e6100000, 0x00000000e6100000| Untracked 
|  98|0x00000000e6200000, 0x00000000e6200000, 0x00000000e6300000|  0%| F|  |TAMS 0x00000000e6200000, 0x00000000e6200000| Untracked 
|  99|0x00000000e6300000, 0x00000000e6300000, 0x00000000e6400000|  0%| F|  |TAMS 0x00000000e6300000, 0x00000000e6300000| Untracked 
| 100|0x00000000e6400000, 0x00000000e6400000, 0x00000000e6500000|  0%| F|  |TAMS 0x00000000e6400000, 0x00000000e6400000| Untracked 
| 101|0x00000000e6500000, 0x00000000e6500000, 0x00000000e6600000|  0%| F|  |TAMS 0x00000000e6500000, 0x00000000e6500000| Untracked 
| 102|0x00000000e6600000, 0x00000000e6600000, 0x00000000e6700000|  0%| F|  |TAMS 0x00000000e6600000, 0x00000000e6600000| Untracked 
| 103|0x00000000e6700000, 0x00000000e6700000, 0x00000000e6800000|  0%| F|  |TAMS 0x00000000e6700000, 0x00000000e6700000| Untracked 
| 104|0x00000000e6800000, 0x00000000e6800000, 0x00000000e6900000|  0%| F|  |TAMS 0x00000000e6800000, 0x00000000e6800000| Untracked 
| 105|0x00000000e6900000, 0x00000000e6900000, 0x00000000e6a00000|  0%| F|  |TAMS 0x00000000e6900000, 0x00000000e6900000| Untracked 
| 106|0x00000000e6a00000, 0x00000000e6a00000, 0x00000000e6b00000|  0%| F|  |TAMS 0x00000000e6a00000, 0x00000000e6a00000| Untracked 
| 107|0x00000000e6b00000, 0x00000000e6b00000, 0x00000000e6c00000|  0%| F|  |TAMS 0x00000000e6b00000, 0x00000000e6b00000| Untracked 
| 108|0x00000000e6c00000, 0x00000000e6c00000, 0x00000000e6d00000|  0%| F|  |TAMS 0x00000000e6c00000, 0x00000000e6c00000| Untracked 
| 109|0x00000000e6d00000, 0x00000000e6d00000, 0x00000000e6e00000|  0%| F|  |TAMS 0x00000000e6d00000, 0x00000000e6d00000| Untracked 
| 110|0x00000000e6e00000, 0x00000000e6e00000, 0x00000000e6f00000|  0%| F|  |TAMS 0x00000000e6e00000, 0x00000000e6e00000| Untracked 
| 111|0x00000000e6f00000, 0x00000000e6f00000, 0x00000000e7000000|  0%| F|  |TAMS 0x00000000e6f00000, 0x00000000e6f00000| Untracked 
| 112|0x00000000e7000000, 0x00000000e7000000, 0x00000000e7100000|  0%| F|  |TAMS 0x00000000e7000000, 0x00000000e7000000| Untracked 
| 113|0x00000000e7100000, 0x00000000e7100000, 0x00000000e7200000|  0%| F|  |TAMS 0x00000000e7100000, 0x00000000e7100000| Untracked 
| 114|0x00000000e7200000, 0x00000000e7200000, 0x00000000e7300000|  0%| F|  |TAMS 0x00000000e7200000, 0x00000000e7200000| Untracked 
| 115|0x00000000e7300000, 0x00000000e7300000, 0x00000000e7400000|  0%| F|  |TAMS 0x00000000e7300000, 0x00000000e7300000| Untracked 
| 116|0x00000000e7400000, 0x00000000e7400000, 0x00000000e7500000|  0%| F|  |TAMS 0x00000000e7400000, 0x00000000e7400000| Untracked 
| 117|0x00000000e7500000, 0x00000000e7500000, 0x00000000e7600000|  0%| F|  |TAMS 0x00000000e7500000, 0x00000000e7500000| Untracked 
| 118|0x00000000e7600000, 0x00000000e7600000, 0x00000000e7700000|  0%| F|  |TAMS 0x00000000e7600000, 0x00000000e7600000| Untracked 
| 119|0x00000000e7700000, 0x00000000e7700000, 0x00000000e7800000|  0%| F|  |TAMS 0x00000000e7700000, 0x00000000e7700000| Untracked 
| 120|0x00000000e7800000, 0x00000000e7800000, 0x00000000e7900000|  0%| F|  |TAMS 0x00000000e7800000, 0x00000000e7800000| Untracked 
| 121|0x00000000e7900000, 0x00000000e7900000, 0x00000000e7a00000|  0%| F|  |TAMS 0x00000000e7900000, 0x00000000e7900000| Untracked 
| 122|0x00000000e7a00000, 0x00000000e7a00000, 0x00000000e7b00000|  0%| F|  |TAMS 0x00000000e7a00000, 0x00000000e7a00000| Untracked 
| 123|0x00000000e7b00000, 0x00000000e7b00000, 0x00000000e7c00000|  0%| F|  |TAMS 0x00000000e7b00000, 0x00000000e7b00000| Untracked 
| 124|0x00000000e7c00000, 0x00000000e7c00000, 0x00000000e7d00000|  0%| F|  |TAMS 0x00000000e7c00000, 0x00000000e7c00000| Untracked 
| 125|0x00000000e7d00000, 0x00000000e7d00000, 0x00000000e7e00000|  0%| F|  |TAMS 0x00000000e7d00000, 0x00000000e7d00000| Untracked 
| 126|0x00000000e7e00000, 0x00000000e7e00000, 0x00000000e7f00000|  0%| F|  |TAMS 0x00000000e7e00000, 0x00000000e7e00000| Untracked 
| 127|0x00000000e7f00000, 0x00000000e7f00000, 0x00000000e8000000|  0%| F|  |TAMS 0x00000000e7f00000, 0x00000000e7f00000| Untracked 
| 128|0x00000000e8000000, 0x00000000e8000000, 0x00000000e8100000|  0%| F|  |TAMS 0x00000000e8000000, 0x00000000e8000000| Untracked 
| 129|0x00000000e8100000, 0x00000000e8100000, 0x00000000e8200000|  0%| F|  |TAMS 0x00000000e8100000, 0x00000000e8100000| Untracked 
| 130|0x00000000e8200000, 0x00000000e8200000, 0x00000000e8300000|  0%| F|  |TAMS 0x00000000e8200000, 0x00000000e8200000| Untracked 
| 131|0x00000000e8300000, 0x00000000e8300000, 0x00000000e8400000|  0%| F|  |TAMS 0x00000000e8300000, 0x00000000e8300000| Untracked 
| 132|0x00000000e8400000, 0x00000000e8400000, 0x00000000e8500000|  0%| F|  |TAMS 0x00000000e8400000, 0x00000000e8400000| Untracked 
| 133|0x00000000e8500000, 0x00000000e8500000, 0x00000000e8600000|  0%| F|  |TAMS 0x00000000e8500000, 0x00000000e8500000| Untracked 
| 134|0x00000000e8600000, 0x00000000e8600000, 0x00000000e8700000|  0%| F|  |TAMS 0x00000000e8600000, 0x00000000e8600000| Untracked 
| 135|0x00000000e8700000, 0x00000000e8700000, 0x00000000e8800000|  0%| F|  |TAMS 0x00000000e8700000, 0x00000000e8700000| Untracked 
| 136|0x00000000e8800000, 0x00000000e8800000, 0x00000000e8900000|  0%| F|  |TAMS 0x00000000e8800000, 0x00000000e8800000| Untracked 
| 137|0x00000000e8900000, 0x00000000e8900000, 0x00000000e8a00000|  0%| F|  |TAMS 0x00000000e8900000, 0x00000000e8900000| Untracked 
| 138|0x00000000e8a00000, 0x00000000e8a00000, 0x00000000e8b00000|  0%| F|  |TAMS 0x00000000e8a00000, 0x00000000e8a00000| Untracked 
| 139|0x00000000e8b00000, 0x00000000e8b00000, 0x00000000e8c00000|  0%| F|  |TAMS 0x00000000e8b00000, 0x00000000e8b00000| Untracked 
| 140|0x00000000e8c00000, 0x00000000e8c00000, 0x00000000e8d00000|  0%| F|  |TAMS 0x00000000e8c00000, 0x00000000e8c00000| Untracked 
| 141|0x00000000e8d00000, 0x00000000e8d00000, 0x00000000e8e00000|  0%| F|  |TAMS 0x00000000e8d00000, 0x00000000e8d00000| Untracked 
| 142|0x00000000e8e00000, 0x00000000e8e00000, 0x00000000e8f00000|  0%| F|  |TAMS 0x00000000e8e00000, 0x00000000e8e00000| Untracked 
| 143|0x00000000e8f00000, 0x00000000e8f00000, 0x00000000e9000000|  0%| F|  |TAMS 0x00000000e8f00000, 0x00000000e8f00000| Untracked 
| 144|0x00000000e9000000, 0x00000000e9000000, 0x00000000e9100000|  0%| F|  |TAMS 0x00000000e9000000, 0x00000000e9000000| Untracked 
| 145|0x00000000e9100000, 0x00000000e9100000, 0x00000000e9200000|  0%| F|  |TAMS 0x00000000e9100000, 0x00000000e9100000| Untracked 
| 146|0x00000000e9200000, 0x00000000e9200000, 0x00000000e9300000|  0%| F|  |TAMS 0x00000000e9200000, 0x00000000e9200000| Untracked 
| 147|0x00000000e9300000, 0x00000000e9300000, 0x00000000e9400000|  0%| F|  |TAMS 0x00000000e9300000, 0x00000000e9300000| Untracked 
| 148|0x00000000e9400000, 0x00000000e9400000, 0x00000000e9500000|  0%| F|  |TAMS 0x00000000e9400000, 0x00000000e9400000| Untracked 
| 149|0x00000000e9500000, 0x00000000e9500000, 0x00000000e9600000|  0%| F|  |TAMS 0x00000000e9500000, 0x00000000e9500000| Untracked 
| 150|0x00000000e9600000, 0x00000000e9600000, 0x00000000e9700000|  0%| F|  |TAMS 0x00000000e9600000, 0x00000000e9600000| Untracked 
| 151|0x00000000e9700000, 0x00000000e9700000, 0x00000000e9800000|  0%| F|  |TAMS 0x00000000e9700000, 0x00000000e9700000| Untracked 
| 152|0x00000000e9800000, 0x00000000e9800000, 0x00000000e9900000|  0%| F|  |TAMS 0x00000000e9800000, 0x00000000e9800000| Untracked 
| 153|0x00000000e9900000, 0x00000000e9900000, 0x00000000e9a00000|  0%| F|  |TAMS 0x00000000e9900000, 0x00000000e9900000| Untracked 
| 154|0x00000000e9a00000, 0x00000000e9a00000, 0x00000000e9b00000|  0%| F|  |TAMS 0x00000000e9a00000, 0x00000000e9a00000| Untracked 
| 155|0x00000000e9b00000, 0x00000000e9b00000, 0x00000000e9c00000|  0%| F|  |TAMS 0x00000000e9b00000, 0x00000000e9b00000| Untracked 
| 156|0x00000000e9c00000, 0x00000000e9c00000, 0x00000000e9d00000|  0%| F|  |TAMS 0x00000000e9c00000, 0x00000000e9c00000| Untracked 
| 157|0x00000000e9d00000, 0x00000000e9dba8b0, 0x00000000e9e00000| 72%| S|CS|TAMS 0x00000000e9d00000, 0x00000000e9d00000| Complete 
| 158|0x00000000e9e00000, 0x00000000e9f00000, 0x00000000e9f00000|100%| S|CS|TAMS 0x00000000e9e00000, 0x00000000e9e00000| Complete 
| 159|0x00000000e9f00000, 0x00000000ea000000, 0x00000000ea000000|100%| S|CS|TAMS 0x00000000e9f00000, 0x00000000e9f00000| Complete 
| 160|0x00000000ea000000, 0x00000000ea100000, 0x00000000ea100000|100%| S|CS|TAMS 0x00000000ea000000, 0x00000000ea000000| Complete 
| 161|0x00000000ea100000, 0x00000000ea200000, 0x00000000ea200000|100%| S|CS|TAMS 0x00000000ea100000, 0x00000000ea100000| Complete 
| 162|0x00000000ea200000, 0x00000000ea300000, 0x00000000ea300000|100%| S|CS|TAMS 0x00000000ea200000, 0x00000000ea200000| Complete 
| 163|0x00000000ea300000, 0x00000000ea400000, 0x00000000ea400000|100%| S|CS|TAMS 0x00000000ea300000, 0x00000000ea300000| Complete 
| 164|0x00000000ea400000, 0x00000000ea500000, 0x00000000ea500000|100%| S|CS|TAMS 0x00000000ea400000, 0x00000000ea400000| Complete 
| 165|0x00000000ea500000, 0x00000000ea600000, 0x00000000ea600000|100%| S|CS|TAMS 0x00000000ea500000, 0x00000000ea500000| Complete 
| 166|0x00000000ea600000, 0x00000000ea700000, 0x00000000ea700000|100%| S|CS|TAMS 0x00000000ea600000, 0x00000000ea600000| Complete 
| 167|0x00000000ea700000, 0x00000000ea800000, 0x00000000ea800000|100%| S|CS|TAMS 0x00000000ea700000, 0x00000000ea700000| Complete 
| 168|0x00000000ea800000, 0x00000000ea900000, 0x00000000ea900000|100%| S|CS|TAMS 0x00000000ea800000, 0x00000000ea800000| Complete 
| 169|0x00000000ea900000, 0x00000000eaa00000, 0x00000000eaa00000|100%| S|CS|TAMS 0x00000000ea900000, 0x00000000ea900000| Complete 
| 170|0x00000000eaa00000, 0x00000000eab00000, 0x00000000eab00000|100%| S|CS|TAMS 0x00000000eaa00000, 0x00000000eaa00000| Complete 
| 171|0x00000000eab00000, 0x00000000eac00000, 0x00000000eac00000|100%| S|CS|TAMS 0x00000000eab00000, 0x00000000eab00000| Complete 
| 172|0x00000000eac00000, 0x00000000eac00000, 0x00000000ead00000|  0%| F|  |TAMS 0x00000000eac00000, 0x00000000eac00000| Untracked 
| 173|0x00000000ead00000, 0x00000000ead00000, 0x00000000eae00000|  0%| F|  |TAMS 0x00000000ead00000, 0x00000000ead00000| Untracked 
| 174|0x00000000eae00000, 0x00000000eae00000, 0x00000000eaf00000|  0%| F|  |TAMS 0x00000000eae00000, 0x00000000eae00000| Untracked 
| 175|0x00000000eaf00000, 0x00000000eaf00000, 0x00000000eb000000|  0%| F|  |TAMS 0x00000000eaf00000, 0x00000000eaf00000| Untracked 
| 176|0x00000000eb000000, 0x00000000eb000000, 0x00000000eb100000|  0%| F|  |TAMS 0x00000000eb000000, 0x00000000eb000000| Untracked 
| 177|0x00000000eb100000, 0x00000000eb100000, 0x00000000eb200000|  0%| F|  |TAMS 0x00000000eb100000, 0x00000000eb100000| Untracked 
| 178|0x00000000eb200000, 0x00000000eb200000, 0x00000000eb300000|  0%| F|  |TAMS 0x00000000eb200000, 0x00000000eb200000| Untracked 
| 179|0x00000000eb300000, 0x00000000eb300000, 0x00000000eb400000|  0%| F|  |TAMS 0x00000000eb300000, 0x00000000eb300000| Untracked 
| 180|0x00000000eb400000, 0x00000000eb400000, 0x00000000eb500000|  0%| F|  |TAMS 0x00000000eb400000, 0x00000000eb400000| Untracked 
| 181|0x00000000eb500000, 0x00000000eb500000, 0x00000000eb600000|  0%| F|  |TAMS 0x00000000eb500000, 0x00000000eb500000| Untracked 
| 182|0x00000000eb600000, 0x00000000eb600000, 0x00000000eb700000|  0%| F|  |TAMS 0x00000000eb600000, 0x00000000eb600000| Untracked 
| 183|0x00000000eb700000, 0x00000000eb700000, 0x00000000eb800000|  0%| F|  |TAMS 0x00000000eb700000, 0x00000000eb700000| Untracked 
| 184|0x00000000eb800000, 0x00000000eb800000, 0x00000000eb900000|  0%| F|  |TAMS 0x00000000eb800000, 0x00000000eb800000| Untracked 
| 185|0x00000000eb900000, 0x00000000eb900000, 0x00000000eba00000|  0%| F|  |TAMS 0x00000000eb900000, 0x00000000eb900000| Untracked 
| 186|0x00000000eba00000, 0x00000000ebb00000, 0x00000000ebb00000|100%| E|  |TAMS 0x00000000eba00000, 0x00000000eba00000| Complete 
| 187|0x00000000ebb00000, 0x00000000ebc00000, 0x00000000ebc00000|100%| E|CS|TAMS 0x00000000ebb00000, 0x00000000ebb00000| Complete 
| 188|0x00000000ebc00000, 0x00000000ebd00000, 0x00000000ebd00000|100%| E|CS|TAMS 0x00000000ebc00000, 0x00000000ebc00000| Complete 
| 189|0x00000000ebd00000, 0x00000000ebe00000, 0x00000000ebe00000|100%| E|CS|TAMS 0x00000000ebd00000, 0x00000000ebd00000| Complete 
| 190|0x00000000ebe00000, 0x00000000ebf00000, 0x00000000ebf00000|100%| E|CS|TAMS 0x00000000ebe00000, 0x00000000ebe00000| Complete 
| 191|0x00000000ebf00000, 0x00000000ec000000, 0x00000000ec000000|100%| E|CS|TAMS 0x00000000ebf00000, 0x00000000ebf00000| Complete 
| 192|0x00000000ec000000, 0x00000000ec100000, 0x00000000ec100000|100%| E|CS|TAMS 0x00000000ec000000, 0x00000000ec000000| Complete 
| 193|0x00000000ec100000, 0x00000000ec200000, 0x00000000ec200000|100%| E|CS|TAMS 0x00000000ec100000, 0x00000000ec100000| Complete 
| 194|0x00000000ec200000, 0x00000000ec300000, 0x00000000ec300000|100%| E|CS|TAMS 0x00000000ec200000, 0x00000000ec200000| Complete 
| 195|0x00000000ec300000, 0x00000000ec400000, 0x00000000ec400000|100%| E|CS|TAMS 0x00000000ec300000, 0x00000000ec300000| Complete 
| 196|0x00000000ec400000, 0x00000000ec500000, 0x00000000ec500000|100%| E|CS|TAMS 0x00000000ec400000, 0x00000000ec400000| Complete 
| 197|0x00000000ec500000, 0x00000000ec600000, 0x00000000ec600000|100%| E|CS|TAMS 0x00000000ec500000, 0x00000000ec500000| Complete 
| 198|0x00000000ec600000, 0x00000000ec700000, 0x00000000ec700000|100%| E|CS|TAMS 0x00000000ec600000, 0x00000000ec600000| Complete 
| 199|0x00000000ec700000, 0x00000000ec800000, 0x00000000ec800000|100%| E|CS|TAMS 0x00000000ec700000, 0x00000000ec700000| Complete 
| 200|0x00000000ec800000, 0x00000000ec900000, 0x00000000ec900000|100%| E|CS|TAMS 0x00000000ec800000, 0x00000000ec800000| Complete 
| 201|0x00000000ec900000, 0x00000000eca00000, 0x00000000eca00000|100%| E|CS|TAMS 0x00000000ec900000, 0x00000000ec900000| Complete 
| 202|0x00000000eca00000, 0x00000000ecb00000, 0x00000000ecb00000|100%| E|CS|TAMS 0x00000000eca00000, 0x00000000eca00000| Complete 
| 203|0x00000000ecb00000, 0x00000000ecc00000, 0x00000000ecc00000|100%| E|CS|TAMS 0x00000000ecb00000, 0x00000000ecb00000| Complete 
| 204|0x00000000ecc00000, 0x00000000ecd00000, 0x00000000ecd00000|100%| E|CS|TAMS 0x00000000ecc00000, 0x00000000ecc00000| Complete 
| 205|0x00000000ecd00000, 0x00000000ece00000, 0x00000000ece00000|100%| E|  |TAMS 0x00000000ecd00000, 0x00000000ecd00000| Complete 
| 206|0x00000000ece00000, 0x00000000ecf00000, 0x00000000ecf00000|100%| E|CS|TAMS 0x00000000ece00000, 0x00000000ece00000| Complete 
| 207|0x00000000ecf00000, 0x00000000ed000000, 0x00000000ed000000|100%| E|CS|TAMS 0x00000000ecf00000, 0x00000000ecf00000| Complete 
| 208|0x00000000ed000000, 0x00000000ed100000, 0x00000000ed100000|100%| E|CS|TAMS 0x00000000ed000000, 0x00000000ed000000| Complete 
| 209|0x00000000ed100000, 0x00000000ed200000, 0x00000000ed200000|100%| E|CS|TAMS 0x00000000ed100000, 0x00000000ed100000| Complete 
| 210|0x00000000ed200000, 0x00000000ed300000, 0x00000000ed300000|100%| E|CS|TAMS 0x00000000ed200000, 0x00000000ed200000| Complete 
| 211|0x00000000ed300000, 0x00000000ed400000, 0x00000000ed400000|100%| E|CS|TAMS 0x00000000ed300000, 0x00000000ed300000| Complete 
| 212|0x00000000ed400000, 0x00000000ed500000, 0x00000000ed500000|100%| E|CS|TAMS 0x00000000ed400000, 0x00000000ed400000| Complete 
| 213|0x00000000ed500000, 0x00000000ed600000, 0x00000000ed600000|100%| E|CS|TAMS 0x00000000ed500000, 0x00000000ed500000| Complete 
| 214|0x00000000ed600000, 0x00000000ed700000, 0x00000000ed700000|100%| E|CS|TAMS 0x00000000ed600000, 0x00000000ed600000| Complete 
| 215|0x00000000ed700000, 0x00000000ed800000, 0x00000000ed800000|100%| E|CS|TAMS 0x00000000ed700000, 0x00000000ed700000| Complete 
| 216|0x00000000ed800000, 0x00000000ed900000, 0x00000000ed900000|100%| E|CS|TAMS 0x00000000ed800000, 0x00000000ed800000| Complete 
| 217|0x00000000ed900000, 0x00000000eda00000, 0x00000000eda00000|100%| E|CS|TAMS 0x00000000ed900000, 0x00000000ed900000| Complete 
| 218|0x00000000eda00000, 0x00000000edb00000, 0x00000000edb00000|100%| E|CS|TAMS 0x00000000eda00000, 0x00000000eda00000| Complete 
| 219|0x00000000edb00000, 0x00000000edc00000, 0x00000000edc00000|100%| E|CS|TAMS 0x00000000edb00000, 0x00000000edb00000| Complete 
| 220|0x00000000edc00000, 0x00000000edd00000, 0x00000000edd00000|100%| E|CS|TAMS 0x00000000edc00000, 0x00000000edc00000| Complete 
| 221|0x00000000edd00000, 0x00000000ede00000, 0x00000000ede00000|100%| E|CS|TAMS 0x00000000edd00000, 0x00000000edd00000| Complete 
| 222|0x00000000ede00000, 0x00000000edf00000, 0x00000000edf00000|100%| E|CS|TAMS 0x00000000ede00000, 0x00000000ede00000| Complete 
| 223|0x00000000edf00000, 0x00000000ee000000, 0x00000000ee000000|100%| E|CS|TAMS 0x00000000edf00000, 0x00000000edf00000| Complete 
| 224|0x00000000ee000000, 0x00000000ee100000, 0x00000000ee100000|100%| E|CS|TAMS 0x00000000ee000000, 0x00000000ee000000| Complete 
| 225|0x00000000ee100000, 0x00000000ee200000, 0x00000000ee200000|100%| E|CS|TAMS 0x00000000ee100000, 0x00000000ee100000| Complete 
| 226|0x00000000ee200000, 0x00000000ee300000, 0x00000000ee300000|100%| E|CS|TAMS 0x00000000ee200000, 0x00000000ee200000| Complete 
| 227|0x00000000ee300000, 0x00000000ee400000, 0x00000000ee400000|100%| E|CS|TAMS 0x00000000ee300000, 0x00000000ee300000| Complete 
| 228|0x00000000ee400000, 0x00000000ee500000, 0x00000000ee500000|100%| E|CS|TAMS 0x00000000ee400000, 0x00000000ee400000| Complete 
| 229|0x00000000ee500000, 0x00000000ee600000, 0x00000000ee600000|100%| E|CS|TAMS 0x00000000ee500000, 0x00000000ee500000| Complete 
| 230|0x00000000ee600000, 0x00000000ee700000, 0x00000000ee700000|100%| E|CS|TAMS 0x00000000ee600000, 0x00000000ee600000| Complete 
| 231|0x00000000ee700000, 0x00000000ee800000, 0x00000000ee800000|100%| E|CS|TAMS 0x00000000ee700000, 0x00000000ee700000| Complete 
| 232|0x00000000ee800000, 0x00000000ee900000, 0x00000000ee900000|100%| E|CS|TAMS 0x00000000ee800000, 0x00000000ee800000| Complete 
| 233|0x00000000ee900000, 0x00000000eea00000, 0x00000000eea00000|100%| E|CS|TAMS 0x00000000ee900000, 0x00000000ee900000| Complete 
| 234|0x00000000eea00000, 0x00000000eeb00000, 0x00000000eeb00000|100%| E|CS|TAMS 0x00000000eea00000, 0x00000000eea00000| Complete 
| 235|0x00000000eeb00000, 0x00000000eec00000, 0x00000000eec00000|100%| E|CS|TAMS 0x00000000eeb00000, 0x00000000eeb00000| Complete 
| 236|0x00000000eec00000, 0x00000000eed00000, 0x00000000eed00000|100%| E|CS|TAMS 0x00000000eec00000, 0x00000000eec00000| Complete 
| 237|0x00000000eed00000, 0x00000000eee00000, 0x00000000eee00000|100%| E|CS|TAMS 0x00000000eed00000, 0x00000000eed00000| Complete 
| 238|0x00000000eee00000, 0x00000000eef00000, 0x00000000eef00000|100%| E|CS|TAMS 0x00000000eee00000, 0x00000000eee00000| Complete 
| 239|0x00000000eef00000, 0x00000000ef000000, 0x00000000ef000000|100%| E|CS|TAMS 0x00000000eef00000, 0x00000000eef00000| Complete 
| 240|0x00000000ef000000, 0x00000000ef100000, 0x00000000ef100000|100%| E|CS|TAMS 0x00000000ef000000, 0x00000000ef000000| Complete 
| 241|0x00000000ef100000, 0x00000000ef200000, 0x00000000ef200000|100%| E|CS|TAMS 0x00000000ef100000, 0x00000000ef100000| Complete 
| 242|0x00000000ef200000, 0x00000000ef300000, 0x00000000ef300000|100%| E|CS|TAMS 0x00000000ef200000, 0x00000000ef200000| Complete 
| 243|0x00000000ef300000, 0x00000000ef400000, 0x00000000ef400000|100%| E|CS|TAMS 0x00000000ef300000, 0x00000000ef300000| Complete 
| 244|0x00000000ef400000, 0x00000000ef500000, 0x00000000ef500000|100%| E|CS|TAMS 0x00000000ef400000, 0x00000000ef400000| Complete 
| 245|0x00000000ef500000, 0x00000000ef600000, 0x00000000ef600000|100%| E|CS|TAMS 0x00000000ef500000, 0x00000000ef500000| Complete 
| 246|0x00000000ef600000, 0x00000000ef700000, 0x00000000ef700000|100%| E|CS|TAMS 0x00000000ef600000, 0x00000000ef600000| Complete 
| 247|0x00000000ef700000, 0x00000000ef800000, 0x00000000ef800000|100%| E|CS|TAMS 0x00000000ef700000, 0x00000000ef700000| Complete 
| 248|0x00000000ef800000, 0x00000000ef900000, 0x00000000ef900000|100%| E|CS|TAMS 0x00000000ef800000, 0x00000000ef800000| Complete 
| 249|0x00000000ef900000, 0x00000000efa00000, 0x00000000efa00000|100%| E|CS|TAMS 0x00000000ef900000, 0x00000000ef900000| Complete 
| 250|0x00000000efa00000, 0x00000000efb00000, 0x00000000efb00000|100%| E|CS|TAMS 0x00000000efa00000, 0x00000000efa00000| Complete 
| 251|0x00000000efb00000, 0x00000000efc00000, 0x00000000efc00000|100%| E|CS|TAMS 0x00000000efb00000, 0x00000000efb00000| Complete 
| 252|0x00000000efc00000, 0x00000000efd00000, 0x00000000efd00000|100%| E|CS|TAMS 0x00000000efc00000, 0x00000000efc00000| Complete 
| 253|0x00000000efd00000, 0x00000000efe00000, 0x00000000efe00000|100%| E|CS|TAMS 0x00000000efd00000, 0x00000000efd00000| Complete 
| 254|0x00000000efe00000, 0x00000000eff00000, 0x00000000eff00000|100%| E|CS|TAMS 0x00000000efe00000, 0x00000000efe00000| Complete 
| 255|0x00000000eff00000, 0x00000000f0000000, 0x00000000f0000000|100%| E|CS|TAMS 0x00000000eff00000, 0x00000000eff00000| Complete 

Card table byte_map: [0x0000027cabea0000,0x0000027cabfa0000] _byte_map_base: 0x0000027cab7a0000

Marking Bits (Prev, Next): (CMBitMap*) 0x0000027c948c9938, (CMBitMap*) 0x0000027c948c9978
 Prev Bits: [0x0000027cac0a0000, 0x0000027cac8a0000)
 Next Bits: [0x0000027cac8a0000, 0x0000027cad0a0000)

Polling page: 0x0000027c92680000

Metaspace:

Usage:
  Non-class:     38.81 MB capacity,    38.02 MB ( 98%) used,   718.63 KB (  2%) free+waste,    95.31 KB ( <1%) overhead. 
      Class:      6.28 MB capacity,     5.85 MB ( 93%) used,   396.99 KB (  6%) free+waste,    47.19 KB ( <1%) overhead. 
       Both:     45.09 MB capacity,    43.87 MB ( 97%) used,     1.09 MB (  2%) free+waste,   142.50 KB ( <1%) overhead. 

Virtual space:
  Non-class space:       40.00 MB reserved,      39.00 MB ( 98%) committed 
      Class space:      248.00 MB reserved,       6.38 MB (  3%) committed 
             Both:      288.00 MB reserved,      45.38 MB ( 16%) committed 

Chunk freelists:
   Non-Class:  2.00 KB
       Class:  29.00 KB
        Both:  31.00 KB

MaxMetaspaceSize: 256.00 MB
CompressedClassSpaceSize: 248.00 MB

CodeHeap 'non-profiled nmethods': size=120000Kb used=3011Kb max_used=3011Kb free=116989Kb
 bounds [0x0000027ca4870000, 0x0000027ca4b70000, 0x0000027cabda0000]
CodeHeap 'profiled nmethods': size=120000Kb used=9942Kb max_used=9942Kb free=110057Kb
 bounds [0x0000027c9d340000, 0x0000027c9dd00000, 0x0000027ca4870000]
CodeHeap 'non-nmethods': size=5760Kb used=2346Kb max_used=2391Kb free=3413Kb
 bounds [0x0000027c9cda0000, 0x0000027c9d010000, 0x0000027c9d340000]
 total_blobs=7144 nmethods=4548 adapters=728
 compilation: enabled
              stopped_count=0, restarted_count=0
 full_count=0

Compilation events (20 events):
Event: 43.033 Thread 0x0000027caf6a5000 4785       1       org.gradle.api.internal.collections.AbstractIterationOrderRetainingElementSource::getMutationGuard (5 bytes)
Event: 43.033 Thread 0x0000027caf6a5000 nmethod 4785 0x0000027ca4b51e10 code [0x0000027ca4b51fa0, 0x0000027ca4b520d8]
Event: 43.033 Thread 0x0000027caf6a5000 4787       3       org.gradle.internal.instantiation.generator.DependencyInjectingInstantiator::verifyParameters (175 bytes)
Event: 43.034 Thread 0x0000027caf6a5000 nmethod 4787 0x0000027c9dcea510 code [0x0000027c9dcea860, 0x0000027c9dceb9d0]
Event: 43.034 Thread 0x0000027caf6a5000 4789       3       java.lang.ThreadLocal::<init> (12 bytes)
Event: 43.035 Thread 0x0000027caf6a5000 nmethod 4789 0x0000027c9dcec090 code [0x0000027c9dcec240, 0x0000027c9dcec4f8]
Event: 43.035 Thread 0x0000027caf6a5000 4788       3       java.util.concurrent.atomic.AtomicInteger::getAndAdd (12 bytes)
Event: 43.035 Thread 0x0000027caf6a5000 nmethod 4788 0x0000027c9dcec610 code [0x0000027c9dcec7a0, 0x0000027c9dcec938]
Event: 43.035 Thread 0x0000027caf6a5000 4790       3       com.google.common.base.Preconditions::checkArgument (13 bytes)
Event: 43.035 Thread 0x0000027caf6a5000 nmethod 4790 0x0000027c9dceca10 code [0x0000027c9dcecbc0, 0x0000027c9dcece10]
Event: 43.036 Thread 0x0000027caf6a5000 4792       3       java.lang.reflect.AccessibleObject::checkAccess (40 bytes)
Event: 43.037 Thread 0x0000027caf6a5000 nmethod 4792 0x0000027c9dcecf10 code [0x0000027c9dced100, 0x0000027c9dced4c0]
Event: 43.037 Thread 0x0000027caf6a5000 4793       3       org.objectweb.asm.Frame::getInitializedType (153 bytes)
Event: 43.037 Thread 0x0000027caf6a5000 nmethod 4793 0x0000027c9dced610 code [0x0000027c9dced800, 0x0000027c9dceddc0]
Event: 43.038 Thread 0x0000027caf6a5000 4794       3       org.gradle.internal.instantiation.generator.AsmBackedClassGenerator$ClassBuilderImpl::addLazyGetter (22 bytes)
Event: 43.039 Thread 0x0000027caf6a5000 nmethod 4794 0x0000027c9dcee090 code [0x0000027c9dcee280, 0x0000027c9dcee820]
Event: 43.039 Thread 0x0000027caf6a5000 4795       3       org.gradle.internal.instantiation.generator.AsmBackedClassGenerator$ClassBuilderImpl$$Lambda$115/0x0000000800ce1040::add (21 bytes)
Event: 43.039 Thread 0x0000027caf6a5000 nmethod 4795 0x0000027c9dceea90 code [0x0000027c9dceec40, 0x0000027c9dceee10]
Event: 43.042 Thread 0x0000027caf6a5000 4796 %     3       org.gradle.internal.instantiation.generator.AbstractClassGenerator::inspectType @ 517 (559 bytes)
Event: 43.046 Thread 0x0000027caf6a5000 nmethod 4796% 0x0000027c9dceef10 code [0x0000027c9dcef720, 0x0000027c9dcf5130]

GC Heap History (16 events):
Event: 0.964 GC heap before
{Heap before GC invocations=0 (full 0):
 garbage-first heap   total 262144K, used 19456K [0x00000000e0000000, 0x0000000100000000)
  region size 1024K, 14 young (14336K), 0 survivors (0K)
 Metaspace       used 2053K, capacity 5446K, committed 5760K, reserved 262144K
  class space    used 236K, capacity 580K, committed 640K, reserved 253952K
}
Event: 0.981 GC heap after
{Heap after GC invocations=1 (full 0):
 garbage-first heap   total 262144K, used 8270K [0x00000000e0000000, 0x0000000100000000)
  region size 1024K, 2 young (2048K), 2 survivors (2048K)
 Metaspace       used 2053K, capacity 5446K, committed 5760K, reserved 262144K
  class space    used 236K, capacity 580K, committed 640K, reserved 253952K
}
Event: 1.930 GC heap before
{Heap before GC invocations=1 (full 0):
 garbage-first heap   total 262144K, used 19534K [0x00000000e0000000, 0x0000000100000000)
  region size 1024K, 13 young (13312K), 2 survivors (2048K)
 Metaspace       used 3775K, capacity 6557K, committed 6656K, reserved 262144K
  class space    used 480K, capacity 760K, committed 768K, reserved 253952K
}
Event: 1.932 GC heap after
{Heap after GC invocations=2 (full 0):
 garbage-first heap   total 262144K, used 8983K [0x00000000e0000000, 0x0000000100000000)
  region size 1024K, 1 young (1024K), 1 survivors (1024K)
 Metaspace       used 3775K, capacity 6557K, committed 6656K, reserved 262144K
  class space    used 480K, capacity 760K, committed 768K, reserved 253952K
}
Event: 6.502 GC heap before
{Heap before GC invocations=2 (full 0):
 garbage-first heap   total 262144K, used 37655K [0x00000000e0000000, 0x0000000100000000)
  region size 1024K, 30 young (30720K), 1 survivors (1024K)
 Metaspace       used 4052K, capacity 6773K, committed 7040K, reserved 262144K
  class space    used 512K, capacity 832K, committed 896K, reserved 253952K
}
Event: 6.505 GC heap after
{Heap after GC invocations=3 (full 0):
 garbage-first heap   total 262144K, used 13184K [0x00000000e0000000, 0x0000000100000000)
  region size 1024K, 4 young (4096K), 4 survivors (4096K)
 Metaspace       used 4052K, capacity 6773K, committed 7040K, reserved 262144K
  class space    used 512K, capacity 832K, committed 896K, reserved 253952K
}
Event: 10.213 GC heap before
{Heap before GC invocations=3 (full 0):
 garbage-first heap   total 262144K, used 54144K [0x00000000e0000000, 0x0000000100000000)
  region size 1024K, 45 young (46080K), 4 survivors (4096K)
 Metaspace       used 11735K, capacity 12182K, committed 12288K, reserved 266240K
  class space    used 1584K, capacity 1731K, committed 1792K, reserved 253952K
}
Event: 10.222 GC heap after
{Heap after GC invocations=4 (full 0):
 garbage-first heap   total 262144K, used 15803K [0x00000000e0000000, 0x0000000100000000)
  region size 1024K, 3 young (3072K), 3 survivors (3072K)
 Metaspace       used 11735K, capacity 12182K, committed 12288K, reserved 266240K
  class space    used 1584K, capacity 1731K, committed 1792K, reserved 253952K
}
Event: 13.308 GC heap before
{Heap before GC invocations=4 (full 0):
 garbage-first heap   total 262144K, used 73147K [0x00000000e0000000, 0x0000000100000000)
  region size 1024K, 59 young (60416K), 3 survivors (3072K)
 Metaspace       used 18786K, capacity 19304K, committed 19584K, reserved 272384K
  class space    used 2704K, capacity 2900K, committed 2944K, reserved 253952K
}
Event: 13.315 GC heap after
{Heap after GC invocations=5 (full 0):
 garbage-first heap   total 262144K, used 18111K [0x00000000e0000000, 0x0000000100000000)
  region size 1024K, 5 young (5120K), 5 survivors (5120K)
 Metaspace       used 18786K, capacity 19304K, committed 19584K, reserved 272384K
  class space    used 2704K, capacity 2900K, committed 2944K, reserved 253952K
}
Event: 13.905 GC heap before
{Heap before GC invocations=5 (full 0):
 garbage-first heap   total 262144K, used 32447K [0x00000000e0000000, 0x0000000100000000)
  region size 1024K, 20 young (20480K), 5 survivors (5120K)
 Metaspace       used 20564K, capacity 21144K, committed 21296K, reserved 272384K
  class space    used 2990K, capacity 3174K, committed 3200K, reserved 253952K
}
Event: 13.913 GC heap after
{Heap after GC invocations=6 (full 0):
 garbage-first heap   total 262144K, used 18546K [0x00000000e0000000, 0x0000000100000000)
  region size 1024K, 6 young (6144K), 6 survivors (6144K)
 Metaspace       used 20564K, capacity 21144K, committed 21296K, reserved 272384K
  class space    used 2990K, capacity 3174K, committed 3200K, reserved 253952K
}
Event: 27.192 GC heap before
{Heap before GC invocations=7 (full 0):
 garbage-first heap   total 262144K, used 88178K [0x00000000e0000000, 0x0000000100000000)
  region size 1024K, 72 young (73728K), 6 survivors (6144K)
 Metaspace       used 30059K, capacity 30846K, committed 31104K, reserved 280576K
  class space    used 4107K, capacity 4423K, committed 4480K, reserved 253952K
}
Event: 27.206 GC heap after
{Heap after GC invocations=8 (full 0):
 garbage-first heap   total 262144K, used 24718K [0x00000000e0000000, 0x0000000100000000)
  region size 1024K, 9 young (9216K), 9 survivors (9216K)
 Metaspace       used 30059K, capacity 30846K, committed 31104K, reserved 280576K
  class space    used 4107K, capacity 4423K, committed 4480K, reserved 253952K
}
Event: 36.534 GC heap before
{Heap before GC invocations=8 (full 0):
 garbage-first heap   total 262144K, used 102542K [0x00000000e0000000, 0x0000000100000000)
  region size 1024K, 84 young (86016K), 9 survivors (9216K)
 Metaspace       used 34750K, capacity 35909K, committed 35968K, reserved 284672K
  class space    used 4742K, capacity 5189K, committed 5248K, reserved 253952K
}
Event: 36.559 GC heap after
{Heap after GC invocations=9 (full 0):
 garbage-first heap   total 262144K, used 34993K [0x00000000e0000000, 0x0000000100000000)
  region size 1024K, 15 young (15360K), 15 survivors (15360K)
 Metaspace       used 34750K, capacity 35909K, committed 35968K, reserved 284672K
  class space    used 4742K, capacity 5189K, committed 5248K, reserved 253952K
}

Deoptimization events (20 events):
Event: 42.406 Thread 0x0000027caffde000 DEOPT PACKING pc=0x0000027c9dc6eac8 sp=0x000000c64cff4280
Event: 42.406 Thread 0x0000027caffde000 DEOPT UNPACKING pc=0x0000027c9cde964e sp=0x000000c64cff3738 mode 0
Event: 42.406 Thread 0x0000027caffde000 DEOPT PACKING pc=0x0000027c9dc6eac8 sp=0x000000c64cff4280
Event: 42.406 Thread 0x0000027caffde000 DEOPT UNPACKING pc=0x0000027c9cde964e sp=0x000000c64cff3738 mode 0
Event: 42.407 Thread 0x0000027caffde000 DEOPT PACKING pc=0x0000027c9dc6eac8 sp=0x000000c64cff4280
Event: 42.407 Thread 0x0000027caffde000 DEOPT UNPACKING pc=0x0000027c9cde964e sp=0x000000c64cff3738 mode 0
Event: 42.407 Thread 0x0000027caffde000 DEOPT PACKING pc=0x0000027c9dc6ecfd sp=0x000000c64cff4280
Event: 42.407 Thread 0x0000027caffde000 DEOPT UNPACKING pc=0x0000027c9cde964e sp=0x000000c64cff3738 mode 0
Event: 42.407 Thread 0x0000027caffde000 DEOPT PACKING pc=0x0000027c9dc6ecfd sp=0x000000c64cff4280
Event: 42.407 Thread 0x0000027caffde000 DEOPT UNPACKING pc=0x0000027c9cde964e sp=0x000000c64cff3738 mode 0
Event: 42.407 Thread 0x0000027caffde000 DEOPT PACKING pc=0x0000027c9dc6ecfd sp=0x000000c64cff4280
Event: 42.407 Thread 0x0000027caffde000 DEOPT UNPACKING pc=0x0000027c9cde964e sp=0x000000c64cff3738 mode 0
Event: 42.408 Thread 0x0000027caffde000 DEOPT PACKING pc=0x0000027c9dc6ecfd sp=0x000000c64cff4280
Event: 42.408 Thread 0x0000027caffde000 DEOPT UNPACKING pc=0x0000027c9cde964e sp=0x000000c64cff3738 mode 0
Event: 42.408 Thread 0x0000027caffde000 DEOPT PACKING pc=0x0000027c9dc6ecfd sp=0x000000c64cff4280
Event: 42.408 Thread 0x0000027caffde000 DEOPT UNPACKING pc=0x0000027c9cde964e sp=0x000000c64cff3738 mode 0
Event: 42.603 Thread 0x0000027caffde000 Uncommon trap: trap_request=0xffffff3d fr.pc=0x0000027ca4a133a4 relative=0x0000000000000d84
Event: 42.603 Thread 0x0000027caffde000 Uncommon trap: reason=unstable_fused_if action=reinterpret pc=0x0000027ca4a133a4 method=org.objectweb.asm.ByteVector.putUTF8(Ljava/lang/String;)Lorg/objectweb/asm/ByteVector; @ 93 c2
Event: 42.603 Thread 0x0000027caffde000 DEOPT PACKING pc=0x0000027ca4a133a4 sp=0x000000c64cff94f0
Event: 42.603 Thread 0x0000027caffde000 DEOPT UNPACKING pc=0x0000027c9cde912f sp=0x000000c64cff9448 mode 2

Classes unloaded (0 events):
No events

Classes redefined (0 events):
No events

Internal exceptions (20 events):
Event: 37.045 Thread 0x0000027caffde000 Exception <a 'java/lang/IncompatibleClassChangeError'{0x00000000ef9f2118}: Found class java.lang.Object, but interface was expected> (0x00000000ef9f2118) 
thrown [t:/workspace/open/src/hotspot/share/interpreter/linkResolver.cpp, line 833]
Event: 37.300 Thread 0x0000027caffde000 Implicit null exception at 0x0000027ca4a98313 to 0x0000027ca4a98c7e
Event: 37.385 Thread 0x0000027caffde000 Exception <a 'java/lang/NoSuchMethodError'{0x00000000ef63c470}: 'void java.lang.invoke.DirectMethodHandle$Holder.invokeInterface(java.lang.Object, java.lang.Object)'> (0x00000000ef63c470) 
thrown [t:/workspace/open/src/hotspot/share/interpreter/linkResolver.cpp, line 767]
Event: 41.036 Thread 0x0000027caffde000 Exception <a 'java/lang/NoSuchMethodError'{0x00000000edffd508}: 'java.lang.Object java.lang.invoke.DirectMethodHandle$Holder.invokeSpecial(java.lang.Object, java.lang.Object, java.lang.Object, java.lang.Object, java.lang.Object, java.lang.Object, java.lang.Object, java.lang.Object, java.lang.Object, java.lang.Object, java.lang.Object, java.lang.Object, java.lang.Object, java.lang.Object, java.lang.Object, java.lang.Object, java.lang.Object, java.lang.Object)'> (0x00000000edffd508) 
thrown [t:/workspace/ope
Event: 41.037 Thread 0x0000027caffde000 Exception <a 'java/lang/NoSuchMethodError'{0x00000000ede03f98}: 'java.lang.Object java.lang.invoke.DelegatingMethodHandle$Holder.reinvoke_L(java.lang.Object, java.lang.Object, java.lang.Object, java.lang.Object, java.lang.Object, java.lang.Object, java.lang.Object, java.lang.Object, java.lang.Object, java.lang.Object, java.lang.Object, java.lang.Object, java.lang.Object, java.lang.Object, java.lang.Object, java.lang.Object, java.lang.Object)'> (0x00000000ede03f98) 
thrown [t:/workspace/open/src/hotspot/sha
Event: 41.037 Thread 0x0000027caffde000 Exception <a 'java/lang/NoSuchMethodError'{0x00000000ede0d448}: 'java.lang.Object java.lang.invoke.DirectMethodHandle$Holder.invokeSpecial(java.lang.Object, java.lang.Object, java.lang.Object, java.lang.Object, java.lang.Object, java.lang.Object, java.lang.Object, java.lang.Object, java.lang.Object, java.lang.Object, java.lang.Object, java.lang.Object, java.lang.Object, java.lang.Object, java.lang.Object, java.lang.Object, java.lang.Object)'> (0x00000000ede0d448) 
thrown [t:/workspace/open/src/hotspot/shar
Event: 41.038 Thread 0x0000027caffde000 Exception <a 'java/lang/NoSuchMethodError'{0x00000000ede124f8}: 'java.lang.Object java.lang.invoke.Invokers$Holder.invoker(java.lang.Object, java.lang.Object, java.lang.Object, java.lang.Object, java.lang.Object, java.lang.Object, java.lang.Object, java.lang.Object, java.lang.Object, java.lang.Object, java.lang.Object, java.lang.Object, java.lang.Object, java.lang.Object, java.lang.Object, java.lang.Object, java.lang.Object)'> (0x00000000ede124f8) 
thrown [t:/workspace/open/src/hotspot/share/interpreter/li
Event: 41.038 Thread 0x0000027caffde000 Exception <a 'java/lang/NoSuchMethodError'{0x00000000ede17be0}: 'java.lang.Object java.lang.invoke.DelegatingMethodHandle$Holder.delegate(java.lang.Object, java.lang.Object, java.lang.Object, java.lang.Object, java.lang.Object, java.lang.Object, java.lang.Object, java.lang.Object, java.lang.Object, java.lang.Object, java.lang.Object, java.lang.Object, java.lang.Object, java.lang.Object, java.lang.Object, java.lang.Object, java.lang.Object)'> (0x00000000ede17be0) 
thrown [t:/workspace/open/src/hotspot/share
Event: 41.137 Thread 0x0000027caffde000 Exception <a 'java/lang/NoSuchMethodError'{0x00000000ede568e8}: 'java.lang.Object java.lang.invoke.DirectMethodHandle$Holder.invokeStatic(java.lang.Object, java.lang.Object, java.lang.Object, java.lang.Object, java.lang.Object, java.lang.Object, java.lang.Object, java.lang.Object, java.lang.Object, java.lang.Object, java.lang.Object, java.lang.Object, java.lang.Object, java.lang.Object, java.lang.Object)'> (0x00000000ede568e8) 
thrown [t:/workspace/open/src/hotspot/share/interpreter/linkResolver.cpp, line 
Event: 41.138 Thread 0x0000027caffde000 Exception <a 'java/lang/NoSuchMethodError'{0x00000000ede63cb0}: 'java.lang.Object java.lang.invoke.DirectMethodHandle$Holder.invokeStatic(java.lang.Object, java.lang.Object, java.lang.Object, java.lang.Object, java.lang.Object, java.lang.Object, java.lang.Object, java.lang.Object, java.lang.Object, java.lang.Object, java.lang.Object, java.lang.Object, java.lang.Object, java.lang.Object, java.lang.Object, java.lang.Object)'> (0x00000000ede63cb0) 
thrown [t:/workspace/open/src/hotspot/share/interpreter/linkR
Event: 41.141 Thread 0x0000027caffde000 Exception <a 'java/lang/NoSuchMethodError'{0x00000000ede8a210}: 'java.lang.Object java.lang.invoke.DirectMethodHandle$Holder.invokeStatic(java.lang.Object, java.lang.Object, java.lang.Object, java.lang.Object, java.lang.Object, java.lang.Object, java.lang.Object, java.lang.Object, java.lang.Object, java.lang.Object, java.lang.Object, java.lang.Object, java.lang.Object, java.lang.Object, java.lang.Object, java.lang.Object, java.lang.Object)'> (0x00000000ede8a210) 
thrown [t:/workspace/open/src/hotspot/share
Event: 41.144 Thread 0x0000027caffde000 Exception <a 'java/lang/NoSuchMethodError'{0x00000000edeaf918}: 'java.lang.Object java.lang.invoke.DirectMethodHandle$Holder.invokeStatic(java.lang.Object, java.lang.Object, java.lang.Object, java.lang.Object, java.lang.Object, java.lang.Object, java.lang.Object, java.lang.Object, java.lang.Object, java.lang.Object, java.lang.Object, java.lang.Object, java.lang.Object, java.lang.Object, java.lang.Object, java.lang.Object, java.lang.Object, java.lang.Object)'> (0x00000000edeaf918) 
thrown [t:/workspace/open
Event: 41.147 Thread 0x0000027caffde000 Exception <a 'java/lang/NoSuchMethodError'{0x00000000eded6ca8}: 'java.lang.Object java.lang.invoke.DirectMethodHandle$Holder.invokeStatic(java.lang.Object, java.lang.Object, java.lang.Object, java.lang.Object, java.lang.Object, java.lang.Object, java.lang.Object, java.lang.Object, java.lang.Object, java.lang.Object, java.lang.Object, java.lang.Object, java.lang.Object, java.lang.Object, java.lang.Object, java.lang.Object, java.lang.Object, java.lang.Object, java.lang.Object)'> (0x00000000eded6ca8) 
thrown 
Event: 41.153 Thread 0x0000027caffde000 Exception <a 'java/lang/NoSuchMethodError'{0x00000000edeffa48}: 'java.lang.Object java.lang.invoke.DirectMethodHandle$Holder.invokeStatic(java.lang.Object, java.lang.Object, java.lang.Object, java.lang.Object, java.lang.Object, java.lang.Object, java.lang.Object, java.lang.Object, java.lang.Object, java.lang.Object, java.lang.Object, java.lang.Object, java.lang.Object, java.lang.Object, java.lang.Object, java.lang.Object, java.lang.Object, java.lang.Object, java.lang.Object, java.lang.Object)'> (0x00000000
Event: 41.261 Thread 0x0000027caffde000 Implicit null exception at 0x0000027ca4acaae8 to 0x0000027ca4acac72
Event: 41.640 Thread 0x0000027caffde000 Implicit null exception at 0x0000027ca4b12ebd to 0x0000027ca4b1319a
Event: 42.915 Thread 0x0000027caffde000 Exception <a 'java/lang/ClassNotFoundException'{0x00000000ec0768e8}: com/android/build/gradle/internal/api/DefaultAndroidSourceSet_DecoratedBeanInfo> (0x00000000ec0768e8) 
thrown [t:/workspace/open/src/hotspot/share/classfile/systemDictionary.cpp, line 232]
Event: 42.915 Thread 0x0000027caffde000 Exception <a 'java/lang/ClassNotFoundException'{0x00000000ec088218}: com/android/build/gradle/internal/api/DefaultAndroidSourceSetBeanInfo> (0x00000000ec088218) 
thrown [t:/workspace/open/src/hotspot/share/classfile/systemDictionary.cpp, line 232]
Event: 42.915 Thread 0x0000027caffde000 Exception <a 'java/lang/ClassNotFoundException'{0x00000000ec099600}: com/android/build/gradle/internal/api/DefaultAndroidSourceSetCustomizer> (0x00000000ec099600) 
thrown [t:/workspace/open/src/hotspot/share/classfile/systemDictionary.cpp, line 232]
Event: 42.990 Thread 0x0000027caffde000 Exception <a 'java/lang/ClassNotFoundException'{0x00000000ec0df598}: com/android/build/gradle/internal/api/DefaultAndroidSourceSet_DecoratedCustomizer> (0x00000000ec0df598) 
thrown [t:/workspace/open/src/hotspot/share/classfile/systemDictionary.cpp, line 232]

Events (20 events):
Event: 43.061 loading class com/android/build/gradle/internal/tasks/factory/TaskCreationAction
Event: 43.061 loading class com/android/build/gradle/internal/tasks/factory/TaskCreationAction done
Event: 43.062 loading class com/android/build/gradle/internal/tasks/factory/TaskInformation
Event: 43.062 loading class com/android/build/gradle/internal/tasks/factory/TaskInformation done
Event: 43.063 loading class com/android/build/gradle/internal/tasks/factory/PreConfigAction
Event: 43.063 loading class com/android/build/gradle/internal/tasks/factory/PreConfigAction done
Event: 43.063 loading class com/android/build/gradle/internal/tasks/factory/TaskConfigAction
Event: 43.063 loading class com/android/build/gradle/internal/tasks/factory/TaskConfigAction done
Event: 43.063 loading class com/android/build/gradle/internal/tasks/factory/TaskProviderCallback
Event: 43.063 loading class com/android/build/gradle/internal/tasks/factory/TaskProviderCallback done
Event: 43.063 loading class com/android/build/gradle/tasks/MergeSourceSetFolders$MergeShaderSourceFoldersCreationAction
Event: 43.063 loading class com/android/build/gradle/tasks/MergeSourceSetFolders$MergeShaderSourceFoldersCreationAction done
Event: 43.064 loading class com/android/build/gradle/tasks/MergeSourceSetFolders$CreationAction
Event: 43.064 loading class com/android/build/gradle/tasks/MergeSourceSetFolders$CreationAction done
Event: 43.064 loading class com/android/build/gradle/internal/tasks/factory/VariantTaskCreationAction
Event: 43.064 loading class com/android/build/gradle/internal/tasks/factory/VariantTaskCreationAction done
Event: 43.065 loading class com/android/build/gradle/tasks/ShaderCompile$CreationAction
Event: 43.065 loading class com/android/build/gradle/tasks/ShaderCompile$CreationAction done
Event: 43.065 loading class com/android/build/gradle/tasks/AidlCompile$CreationAction
Event: 43.065 loading class com/android/build/gradle/tasks/AidlCompile$CreationAction done


Dynamic libraries:
0x00007ff6deec0000 - 0x00007ff6deecf000 	C:\Program Files\Java\jdk-13.0.2\bin\java.exe
0x00007ffdd97b0000 - 0x00007ffdd9991000 	C:\WINDOWS\SYSTEM32\ntdll.dll
0x00007ffdd6ff0000 - 0x00007ffdd70a1000 	C:\WINDOWS\System32\KERNEL32.DLL
0x00007ffdd5dd0000 - 0x00007ffdd6043000 	C:\WINDOWS\System32\KERNELBASE.dll
0x00007ffdd6050000 - 0x00007ffdd6148000 	C:\WINDOWS\System32\ucrtbase.dll
0x00007ffd9ed10000 - 0x00007ffd9ed28000 	C:\Program Files\Java\jdk-13.0.2\bin\jli.dll
0x00007ffdd8c80000 - 0x00007ffdd8d21000 	C:\WINDOWS\System32\ADVAPI32.dll
0x00007ffdd8500000 - 0x00007ffdd859e000 	C:\WINDOWS\System32\msvcrt.dll
0x00007ffdd93c0000 - 0x00007ffdd941b000 	C:\WINDOWS\System32\sechost.dll
0x00007ffdd8b50000 - 0x00007ffdd8c74000 	C:\WINDOWS\System32\RPCRT4.dll
0x00007ffdd95f0000 - 0x00007ffdd9780000 	C:\WINDOWS\System32\USER32.dll
0x00007ffdd5db0000 - 0x00007ffdd5dd0000 	C:\WINDOWS\System32\win32u.dll
0x00007ffdd8d30000 - 0x00007ffdd8d58000 	C:\WINDOWS\System32\GDI32.dll
0x00007ffdd6920000 - 0x00007ffdd6ab2000 	C:\WINDOWS\System32\gdi32full.dll
0x00007ffdd6b40000 - 0x00007ffdd6bdf000 	C:\WINDOWS\System32\msvcp_win.dll
0x00007ffd9f060000 - 0x00007ffd9f075000 	C:\Program Files\Java\jdk-13.0.2\bin\VCRUNTIME140.dll
0x00007ffdbc6b0000 - 0x00007ffdbc919000 	C:\WINDOWS\WinSxS\amd64_microsoft.windows.common-controls_6595b64144ccf1df_6.0.17134.1550_none_d40142657c8ef2c1\COMCTL32.dll
0x00007ffdd8830000 - 0x00007ffdd8b50000 	C:\WINDOWS\System32\combase.dll
0x00007ffdd6ac0000 - 0x00007ffdd6b39000 	C:\WINDOWS\System32\bcryptPrimitives.dll
0x00007ffdcc960000 - 0x00007ffdcc96a000 	C:\WINDOWS\SYSTEM32\VERSION.dll
0x00007ffdd6c40000 - 0x00007ffdd6c6d000 	C:\WINDOWS\System32\IMM32.DLL
0x00007ffd66450000 - 0x00007ffd664eb000 	C:\Program Files\Java\jdk-13.0.2\bin\msvcp140.dll
0x00007ffd64990000 - 0x00007ffd654ed000 	C:\Program Files\Java\jdk-13.0.2\bin\server\jvm.dll
0x00007ffdd6fe0000 - 0x00007ffdd6fe8000 	C:\WINDOWS\System32\PSAPI.DLL
0x00007ffdb9fa0000 - 0x00007ffdb9fa9000 	C:\WINDOWS\SYSTEM32\WSOCK32.dll
0x00007ffdd9420000 - 0x00007ffdd948c000 	C:\WINDOWS\System32\WS2_32.dll
0x00007ffdd1cb0000 - 0x00007ffdd1cd3000 	C:\WINDOWS\SYSTEM32\WINMM.dll
0x00007ffdd1c80000 - 0x00007ffdd1caa000 	C:\WINDOWS\SYSTEM32\WINMMBASE.dll
0x00007ffdd5b70000 - 0x00007ffdd5bb9000 	C:\WINDOWS\System32\cfgmgr32.dll
0x00007ffdd5b50000 - 0x00007ffdd5b61000 	C:\WINDOWS\System32\kernel.appcore.dll
0x00007ffda4470000 - 0x00007ffda4480000 	C:\Program Files\Java\jdk-13.0.2\bin\verify.dll
0x00007ffdd4490000 - 0x00007ffdd4659000 	C:\WINDOWS\SYSTEM32\DBGHELP.DLL
0x00007ffdcaa20000 - 0x00007ffdcaa49000 	C:\WINDOWS\SYSTEM32\dbgcore.DLL
0x00007ffd9dfa0000 - 0x00007ffd9dfc6000 	C:\Program Files\Java\jdk-13.0.2\bin\java.dll
0x00007ffd9d270000 - 0x00007ffd9d287000 	C:\Program Files\Java\jdk-13.0.2\bin\zip.dll
0x00007ffd9f380000 - 0x00007ffd9f38a000 	C:\Program Files\Java\jdk-13.0.2\bin\jimage.dll
0x00007ffdd70b0000 - 0x00007ffdd84f5000 	C:\WINDOWS\System32\SHELL32.dll
0x00007ffdd85a0000 - 0x00007ffdd8649000 	C:\WINDOWS\System32\shcore.dll
0x00007ffdd6150000 - 0x00007ffdd6861000 	C:\WINDOWS\System32\windows.storage.dll
0x00007ffdd6de0000 - 0x00007ffdd6e31000 	C:\WINDOWS\System32\shlwapi.dll
0x00007ffdd5ac0000 - 0x00007ffdd5adf000 	C:\WINDOWS\System32\profapi.dll
0x00007ffdd5b00000 - 0x00007ffdd5b4c000 	C:\WINDOWS\System32\powrprof.dll
0x00007ffdd5ab0000 - 0x00007ffdd5aba000 	C:\WINDOWS\System32\FLTLIB.DLL
0x00007ffd9ca10000 - 0x00007ffd9ca29000 	C:\Program Files\Java\jdk-13.0.2\bin\net.dll
0x00007ffdc8810000 - 0x00007ffdc88ed000 	C:\WINDOWS\SYSTEM32\WINHTTP.dll
0x00007ffdd5330000 - 0x00007ffdd5396000 	C:\WINDOWS\system32\mswsock.dll
0x00007ffd9c7a0000 - 0x00007ffd9c7b3000 	C:\Program Files\Java\jdk-13.0.2\bin\nio.dll
0x00007ffd9b700000 - 0x00007ffd9b72a000 	C:\Users\HP\.gradle\native\36\windows-amd64\native-platform.dll
0x00007ffd9f120000 - 0x00007ffd9f129000 	C:\Program Files\Java\jdk-13.0.2\bin\management.dll
0x00007ffd9f050000 - 0x00007ffd9f05b000 	C:\Program Files\Java\jdk-13.0.2\bin\management_ext.dll
0x00007ffdd54e0000 - 0x00007ffdd54f7000 	C:\WINDOWS\SYSTEM32\CRYPTSP.dll
0x00007ffdd4ee0000 - 0x00007ffdd4f13000 	C:\WINDOWS\system32\rsaenh.dll
0x00007ffdd5610000 - 0x00007ffdd5635000 	C:\WINDOWS\SYSTEM32\bcrypt.dll
0x00007ffdd59b0000 - 0x00007ffdd59d8000 	C:\WINDOWS\SYSTEM32\USERENV.dll
0x00007ffdd5500000 - 0x00007ffdd550b000 	C:\WINDOWS\SYSTEM32\CRYPTBASE.dll
0x00007ffdd5080000 - 0x00007ffdd50b8000 	C:\WINDOWS\SYSTEM32\IPHLPAPI.DLL
0x00007ffdd6fd0000 - 0x00007ffdd6fd8000 	C:\WINDOWS\System32\NSI.dll
0x00007ffdcb1b0000 - 0x00007ffdcb1c6000 	C:\WINDOWS\SYSTEM32\dhcpcsvc6.DLL
0x00007ffdcb190000 - 0x00007ffdcb1aa000 	C:\WINDOWS\SYSTEM32\dhcpcsvc.DLL

dbghelp: loaded successfully - version: 4.0.5 - missing functions: none
symbol engine: initialized successfully - sym options: 0x614 - pdb path: .;C:\Program Files\Java\jdk-13.0.2\bin;C:\WINDOWS\SYSTEM32;C:\WINDOWS\WinSxS\amd64_microsoft.windows.common-controls_6595b64144ccf1df_6.0.17134.1550_none_d40142657c8ef2c1;C:\Program Files\Java\jdk-13.0.2\bin\server;C:\Users\HP\.gradle\native\36\windows-amd64

VM Arguments:
jvm_args: --add-opens=java.base/java.util=ALL-UNNAMED --add-opens=java.base/java.lang=ALL-UNNAMED --add-opens=java.base/java.lang.invoke=ALL-UNNAMED --add-opens=java.prefs/java.util.prefs=ALL-UNNAMED -XX:MaxMetaspaceSize=256m -XX:+HeapDumpOnOutOfMemoryError -Xms256m -Xmx512m -Dfile.encoding=windows-1252 -Duser.country=US -Duser.language=en -Duser.variant 
java_command: org.gradle.launcher.daemon.bootstrap.GradleDaemon 6.2
java_class_path (initial): C:\Users\HP\.gradle\wrapper\dists\gradle-6.2-all\dvufqs6kielxeao781pmk5huj\gradle-6.2\lib\gradle-launcher-6.2.jar
Launcher Type: SUN_STANDARD

[Global flags]
     intx CICompilerCount                          = 3                                         {product} {ergonomic}
   size_t CompressedClassSpaceSize                 = 260046848                                 {product} {ergonomic}
     uint ConcGCThreads                            = 1                                         {product} {ergonomic}
     uint G1ConcRefinementThreads                  = 4                                         {product} {ergonomic}
   size_t G1HeapRegionSize                         = 1048576                                   {product} {ergonomic}
    uintx GCDrainStackTargetSize                   = 64                                        {product} {ergonomic}
     bool HeapDumpOnOutOfMemoryError               = true                                   {manageable} {command line}
   size_t InitialHeapSize                          = 268435456                                 {product} {command line}
   size_t MarkStackSize                            = 4194304                                   {product} {ergonomic}
   size_t MaxHeapSize                              = 536870912                                 {product} {command line}
   size_t MaxMetaspaceSize                         = 268435456                                 {product} {command line}
   size_t MaxNewSize                               = 321912832                                 {product} {ergonomic}
   size_t MinHeapDeltaBytes                        = 1048576                                   {product} {ergonomic}
   size_t MinHeapSize                              = 268435456                                 {product} {command line}
    uintx NonNMethodCodeHeapSize                   = 5832780                                {pd product} {ergonomic}
    uintx NonProfiledCodeHeapSize                  = 122912730                              {pd product} {ergonomic}
    uintx ProfiledCodeHeapSize                     = 122912730                              {pd product} {ergonomic}
    uintx ReservedCodeCacheSize                    = 251658240                              {pd product} {ergonomic}
     bool SegmentedCodeCache                       = true                                      {product} {ergonomic}
   size_t SoftMaxHeapSize                          = 536870912                              {manageable} {ergonomic}
     bool UseCompressedClassPointers               = true                                 {lp64_product} {ergonomic}
     bool UseCompressedOops                        = true                                 {lp64_product} {ergonomic}
     bool UseG1GC                                  = true                                      {product} {ergonomic}
     bool UseLargePagesIndividualAllocation        = false                                  {pd product} {ergonomic}

Logging:
Log output configuration:
 #0: stdout all=warning uptime,level,tags
 #1: stderr all=off uptime,level,tags

Environment Variables:
CLASSPATH=E:\Codings\Projects\Bill-Calculator\app\android\\gradle\wrapper\gradle-wrapper.jar
PATH=E:\Codings\Projects\Bill-Calculator\app\android\node_modules\.bin;E:\Codings\Projects\Bill-Calculator\app\node_modules\.bin;E:\Codings\Projects\Bill-Calculator\node_modules\.bin;E:\Codings\Projects\node_modules\.bin;E:\Codings\node_modules\.bin;E:\node_modules\.bin;C:\Program Files\nodejs;E:\Codings\Projects\Bill-Calculator\app\node_modules\.bin;C:\Program Files (x86)\Intel\iCLS Client\;C:\Program Files\Intel\iCLS Client\;C:\Windows\system32;C:\Windows;C:\Windows\System32\Wbem;C:\Windows\System32\WindowsPowerShell\v1.0\;C:\Program Files (x86)\Intel\Intel(R) Management Engine Components\DAL;C:\Program Files\Intel\Intel(R) Management Engine Components\DAL;C:\Program Files (x86)\Intel\Intel(R) Management Engine Components\IPT;C:\Program Files\Intel\Intel(R) Management Engine Components\IPT;C:\Program Files (x86)\NVIDIA Corporation\PhysX\Common;C:\WINDOWS\system32;C:\WINDOWS;C:\WINDOWS\System32\Wbem;C:\WINDOWS\System32\WindowsPowerShell\v1.0\;C:\WINDOWS\System32\OpenSSH\;C:\apache-maven-3.6.0\bin;C:\Program Files\Git\cmd;C:\Program Files\Intel\WiFi\bin\;C:\Program Files\Common Files\Intel\WirelessCommon\;C:\xampp\php;C:\ProgramData\ComposerSetup\bin;C:\Program Files\Java\jdk-13.0.2\bin;C:\Users\HP\Downloads\Redis;C:\Program Files\nodejs\;C:\Users\Default\AppData\Local\Android\sdk\platform-tools;C:\Users\HP\AppData\Local\Programs\Python\Python37\Scripts\;C:\Users\HP\AppData\Local\Programs\Python\Python37\;C:\Users\HP\AppData\Local\Microsoft\WindowsApps;c:\Program Files\Intel\WiFi\bin\;c:\Program Files\Common Files\Intel\WirelessCommon\;C:\Users\HP\AppData\Local\Programs\Microsoft VS Code\bin;C:\Gradle\gradle-5.2.1\bin;C:\Users\Default\AppData\Local\Android\sdk\tools;C:\Users\Default\AppData\Local\Android\sdk\platform-tools;C:\Users\HP\AppData\Local\GitHubDesktop\bin;C:\Program Files\heroku\bin;C:\Users\HP\AppData\Roaming\Composer\vendor\bin;C:\Users\HP\AppData\Local\Programs\Python\Python38;C:\Users\HP\AppData\Local\Programs\Python\Python38\Scripts;C:\Users\HP\AppData\
USERNAME=HP
OS=Windows_NT
PROCESSOR_IDENTIFIER=Intel64 Family 6 Model 142 Stepping 9, GenuineIntel



---------------  S Y S T E M  ---------------

OS: Windows 10 , 64 bit Build 17134 (10.0.17134.1425)

CPU:total 4 (initial active 4) (2 cores per cpu, 2 threads per core) family 6 model 142 stepping 9, cmov, cx8, fxsr, mmx, sse, sse2, sse3, ssse3, sse4.1, sse4.2, popcnt, avx, avx2, aes, clmul, erms, 3dnowpref, lzcnt, ht, tsc, tscinvbit, bmi1, bmi2, adx, fma

Memory: 4k page, system-wide physical 8077M (617M free)
TotalPageFile size 11079M (AvailPageFile size 12M)
current process WorkingSet (physical memory assigned to process): 275M, peak: 280M
current process commit charge ("private bytes"): 453M, peak: 459M

vm_info: Java HotSpot(TM) 64-Bit Server VM (13.0.2+8) for windows-amd64 JRE (13.0.2+8), built on Dec 11 2019 09:20:33 by "mach5one" with unknown MS VC++:1916

END.
